2024-12-11 20:19:25,571 [INFO] Activator:176 - 


2024-12-11 20:19:25,580 [INFO] Activator:177 - !SESSION log4j initialized
2024-12-11 20:19:31,316 [INFO] LogOutputStream:77 - [STDOUT_REDIRECT] 
2024-12-11 20:19:34,762 [INFO] ApplicationProperties:184 - Using Application install path: C:\ST\STM32CubeIDE_1.16.0\STM32CubeIDE\plugins\com.st.stm32cube.common.mx_6.12.1.202409122256
2024-12-11 20:19:34,783 [INFO] DbMcusXml:78 - Set database path to: C:\ST\STM32CubeIDE_1.16.0\STM32CubeIDE\plugins\com.st.stm32cube.common.mx_6.12.1.202409122256\\db\/mcu/
2024-12-11 20:19:34,784 [INFO] ApiDb:274 - Set plugin database path to: C:\ST\STM32CubeIDE_1.16.0\STM32CubeIDE\plugins\com.st.stm32cube.common.mx_6.12.1.202409122256\\db\/plugins/boardmanager/
2024-12-11 20:19:34,784 [WARN] ApiDb:259 - Overriding images path with different value:  => C:\ST\STM32CubeIDE_1.16.0\STM32CubeIDE\plugins\com.st.stm32cube.common.mx_6.12.1.202409122256\\db\/plugins/mcufinder/images/
2024-12-11 20:19:34,794 [INFO] ApiDb:250 - Set database path to: C:\Users\14408\.stmcufinder\plugins\mcufinder//mcu/
2024-12-11 20:19:34,795 [INFO] DbMcusAds:125 - Set database path to: C:\Users\14408\.stmcufinder\plugins\mcufinder//mcu/
2024-12-11 20:19:34,797 [INFO] CrossReferenceDbSqlite:203 - Set database path to: C:\Users\14408\.stmcufinder\plugins\mcufinder//mcu/cs/
2024-12-11 20:19:34,911 [INFO] RulesReader:64 - Compatibility file has been processed (297 Rules)
2024-12-11 20:19:34,998 [INFO] DbMcusXml:78 - Set database path to: C:\ST\STM32CubeIDE_1.16.0\STM32CubeIDE\plugins\com.st.stm32cube.common.mx_6.12.1.202409122256\\db\/mcu/
2024-12-11 20:19:34,998 [INFO] ApiDb:274 - Set plugin database path to: C:\ST\STM32CubeIDE_1.16.0\STM32CubeIDE\plugins\com.st.stm32cube.common.mx_6.12.1.202409122256\\db\/plugins/boardmanager/
2024-12-11 20:19:34,998 [INFO] ApiDb:261 - Set plugin images path to: C:\ST\STM32CubeIDE_1.16.0\STM32CubeIDE\plugins\com.st.stm32cube.common.mx_6.12.1.202409122256\\db\/plugins/mcufinder/images/
2024-12-11 20:19:34,999 [WARN] DbFile:41 - Overriding database path with different value: C:\Users\14408\.stmcufinder\plugins\mcufinder/ => C:\Users\14408\.stmcufinder\plugins\mcufinder
2024-12-11 20:19:34,999 [INFO] ApiDb:250 - Set database path to: C:\Users\14408\.stmcufinder\plugins\mcufinder//mcu/
2024-12-11 20:19:34,999 [WARN] DbFile:41 - Overriding database path with different value: C:\Users\14408\.stmcufinder\plugins\mcufinder/ => C:\Users\14408\.stmcufinder\plugins\mcufinder
2024-12-11 20:19:34,999 [INFO] DbMcusAds:125 - Set database path to: C:\Users\14408\.stmcufinder\plugins\mcufinder//mcu/
2024-12-11 20:19:34,999 [WARN] DbFile:41 - Overriding database path with different value: C:\Users\14408\.stmcufinder\plugins\mcufinder/ => C:\Users\14408\.stmcufinder\plugins\mcufinder
2024-12-11 20:19:34,999 [WARN] DbFile:41 - Overriding database path with different value: C:\Users\14408\.stmcufinder\plugins\mcufinder/ => C:\Users\14408\.stmcufinder\plugins\mcufinder
2024-12-11 20:19:34,999 [INFO] CrossReferenceDbSqlite:203 - Set database path to: C:\Users\14408\.stmcufinder\plugins\mcufinder//mcu/cs/
2024-12-11 20:19:35,070 [INFO] MainPanel:268 - HeapMemory: 268435456
2024-12-11 20:19:35,190 [INFO] DbMcusXml:78 - Set database path to: C:\ST\STM32CubeIDE_1.16.0\STM32CubeIDE\plugins\com.st.stm32cube.common.mx_6.12.1.202409122256\\db\/mcu/
2024-12-11 20:19:35,190 [INFO] ApiDb:274 - Set plugin database path to: C:\ST\STM32CubeIDE_1.16.0\STM32CubeIDE\plugins\com.st.stm32cube.common.mx_6.12.1.202409122256\\db\/plugins/boardmanager/
2024-12-11 20:19:35,190 [INFO] ApiDb:261 - Set plugin images path to: C:\ST\STM32CubeIDE_1.16.0\STM32CubeIDE\plugins\com.st.stm32cube.common.mx_6.12.1.202409122256\\db\/plugins/mcufinder/images/
2024-12-11 20:19:35,190 [WARN] DbFile:41 - Overriding database path with different value: C:\Users\14408\.stmcufinder\plugins\mcufinder/ => C:\Users\14408\.stmcufinder\plugins\mcufinder
2024-12-11 20:19:35,190 [INFO] ApiDb:250 - Set database path to: C:\Users\14408\.stmcufinder\plugins\mcufinder//mcu/
2024-12-11 20:19:35,190 [WARN] DbFile:41 - Overriding database path with different value: C:\Users\14408\.stmcufinder\plugins\mcufinder/ => C:\Users\14408\.stmcufinder\plugins\mcufinder
2024-12-11 20:19:35,190 [INFO] DbMcusAds:125 - Set database path to: C:\Users\14408\.stmcufinder\plugins\mcufinder//mcu/
2024-12-11 20:19:35,190 [WARN] DbFile:41 - Overriding database path with different value: C:\Users\14408\.stmcufinder\plugins\mcufinder/ => C:\Users\14408\.stmcufinder\plugins\mcufinder
2024-12-11 20:19:35,190 [WARN] DbFile:41 - Overriding database path with different value: C:\Users\14408\.stmcufinder\plugins\mcufinder/ => C:\Users\14408\.stmcufinder\plugins\mcufinder
2024-12-11 20:19:35,190 [INFO] CrossReferenceDbSqlite:203 - Set database path to: C:\Users\14408\.stmcufinder\plugins\mcufinder//mcu/cs/
2024-12-11 20:19:35,203 [INFO] ApplicationProperties:184 - Using Application install path: C:\ST\STM32CubeIDE_1.16.0\STM32CubeIDE\plugins\com.st.stm32cube.common.mx_6.12.1.202409122256
2024-12-11 20:19:35,205 [INFO] PluginManage:196 - Search for loadable plugins [exclusion list=, ]
2024-12-11 20:19:35,206 [INFO] PluginManage:310 - Check plugin analytics
2024-12-11 20:19:35,337 [INFO] AnalyticsPlugin:253 - Accepted Software Licenses: 
2024-12-11 20:19:35,337 [INFO] AnalyticsPlugin:255 - Accepted CMSIS Pack Licenses: 
2024-12-11 20:19:35,337 [INFO] AnalyticsPlugin:257 - Accepted Firmware Licenses: 
2024-12-11 20:19:35,339 [INFO] PluginManage:359 - Loaded plugin analytics (category:tool,tabindex:-1)
2024-12-11 20:19:35,339 [INFO] PluginManage:310 - Check plugin cadmodel
2024-12-11 20:19:35,356 [INFO] CADModel:105 - Init CAD model plugin
2024-12-11 20:19:35,356 [INFO] PluginManage:359 - Loaded plugin cadmodel (category:power,tabindex:5)
2024-12-11 20:19:35,356 [INFO] PluginManage:310 - Check plugin clock
2024-12-11 20:19:35,374 [INFO] PluginManage:359 - Loaded plugin clock (category:base,tabindex:2)
2024-12-11 20:19:35,375 [INFO] PluginManage:310 - Check plugin ddr
2024-12-11 20:19:35,377 [INFO] PluginManage:359 - Loaded plugin ddr (category:tool,tabindex:6)
2024-12-11 20:19:35,378 [INFO] PluginManage:310 - Check plugin filemanager
2024-12-11 20:19:35,506 [INFO] PluginManage:359 - Loaded plugin filemanager (category:base,tabindex:10)
2024-12-11 20:19:35,506 [INFO] PluginManage:310 - Check plugin ipmanager
2024-12-11 20:19:35,513 [INFO] PluginManage:359 - Loaded plugin ipmanager (category:base,tabindex:5)
2024-12-11 20:19:35,513 [INFO] PluginManage:310 - Check plugin lpbam
2024-12-11 20:19:35,531 [INFO] PluginManage:359 - Loaded plugin lpbam (category:base,tabindex:0)
2024-12-11 20:19:35,531 [INFO] PluginManage:310 - Check plugin memorymap
2024-12-11 20:19:35,555 [INFO] PluginManage:359 - Loaded plugin memorymap (category:base,tabindex:4)
2024-12-11 20:19:35,556 [INFO] PluginManage:310 - Check plugin pinoutandconfiguration
2024-12-11 20:19:35,578 [INFO] PluginManage:359 - Loaded plugin pinoutandconfiguration (category:base,tabindex:1)
2024-12-11 20:19:35,578 [INFO] PluginManage:310 - Check plugin pinoutconfig
2024-12-11 20:19:35,671 [WARN] SupportedApi:132 - Cannot load RTOS API schema: s4s-elt-must-match.1: The content of 'definitions' must match (annotation?, (simpleType | complexType)?, (unique | key | keyref)*)). A problem was found starting at: attribute.
2024-12-11 20:19:35,793 [INFO] PluginManage:359 - Loaded plugin pinoutconfig (category:base,tabindex:0)
2024-12-11 20:19:35,794 [INFO] PluginManage:310 - Check plugin power
2024-12-11 20:19:35,813 [INFO] PluginManage:359 - Loaded plugin power (category:power,tabindex:4)
2024-12-11 20:19:35,813 [INFO] PluginManage:310 - Check plugin projectmanager
2024-12-11 20:19:35,825 [INFO] PluginManage:359 - Loaded plugin projectmanager (category:projectmanager,tabindex:4)
2024-12-11 20:19:35,826 [INFO] PluginManage:310 - Check plugin rif
2024-12-11 20:19:35,840 [INFO] PluginManage:359 - Loaded plugin rif (category:base,tabindex:3)
2024-12-11 20:19:35,841 [INFO] PluginManage:310 - Check plugin thirdparty
2024-12-11 20:19:36,101 [INFO] PluginManage:359 - Loaded plugin thirdparty (category:base,tabindex:-1)
2024-12-11 20:19:36,101 [WARN] IntegrityCheckThread:84 - waiting for thirdparty lock release [integrity check]
2024-12-11 20:19:36,102 [INFO] IntegrityCheckThread:86 - entering critical section [integrity check]
2024-12-11 20:19:36,102 [INFO] PluginManage:310 - Check plugin tools
2024-12-11 20:19:36,103 [INFO] ThirdPartyUpdaterWithRetryManager:70 - Updater plugin not ready yet. [1/15]
2024-12-11 20:19:36,142 [INFO] PluginManage:359 - Loaded plugin tools (category:base,tabindex:7)
2024-12-11 20:19:36,142 [INFO] PluginManage:310 - Check plugin tutovideos
2024-12-11 20:19:36,316 [INFO] PluginManage:359 - Loaded plugin tutovideos (category:base,tabindex:-1)
2024-12-11 20:19:36,316 [INFO] PluginManage:310 - Check plugin updater
2024-12-11 20:19:36,331 [INFO] PluginManage:359 - Loaded plugin updater (category:base,tabindex:12)
2024-12-11 20:19:36,332 [INFO] PluginManage:310 - Check plugin userauth
2024-12-11 20:19:36,337 [INFO] UserAuth:113 - Init User Auth plugin
2024-12-11 20:19:36,337 [INFO] PluginManage:359 - Loaded plugin userauth (category:base,tabindex:14)
2024-12-11 20:19:36,338 [INFO] PluginManage:283 - PluginManage : Loaded plugins [18]
2024-12-11 20:19:36,510 [INFO] PinOutPanel:1561 - setPackage(No Configuration,No Configuration)
2024-12-11 20:19:36,582 [INFO] CADModel:165 - CPN selected for project level
2024-12-11 20:19:36,582 [INFO] CADModel:114 - Register for checkConnection events
2024-12-11 20:19:36,606 [INFO] IPUIPlugin:80 - create IPUIPlugin
2024-12-11 20:19:36,606 [INFO] PluginManager:220 - loadIPPluginJar : add adc
2024-12-11 20:19:36,641 [INFO] IPUIPlugin:80 - create IPUIPlugin
2024-12-11 20:19:36,641 [INFO] PluginManager:220 - loadIPPluginJar : add aes
2024-12-11 20:19:36,680 [INFO] IPUIPlugin:80 - create IPUIPlugin
2024-12-11 20:19:36,680 [INFO] PluginManager:220 - loadIPPluginJar : add can
2024-12-11 20:19:36,704 [INFO] IPUIPlugin:80 - create IPUIPlugin
2024-12-11 20:19:36,704 [INFO] PluginManager:220 - loadIPPluginJar : add comp
2024-12-11 20:19:36,734 [INFO] IPUIPlugin:80 - create IPUIPlugin
2024-12-11 20:19:36,734 [INFO] PluginManager:220 - loadIPPluginJar : add cryp
2024-12-11 20:19:36,745 [INFO] IPUIPlugin:80 - create IPUIPlugin
2024-12-11 20:19:36,745 [INFO] PluginManager:220 - loadIPPluginJar : add ddr_ctrl_phy
2024-12-11 20:19:36,773 [INFO] IPUIPlugin:80 - create IPUIPlugin
2024-12-11 20:19:36,773 [INFO] PluginManager:220 - loadIPPluginJar : add dfsdm
2024-12-11 20:19:36,786 [INFO] IPUIPlugin:80 - create IPUIPlugin
2024-12-11 20:19:36,786 [INFO] PluginManager:220 - loadIPPluginJar : add dma
2024-12-11 20:19:36,828 [INFO] IPUIPlugin:80 - create IPUIPlugin
2024-12-11 20:19:36,828 [INFO] PluginManager:220 - loadIPPluginJar : add dma3
2024-12-11 20:19:36,869 [INFO] IPUIPlugin:80 - create IPUIPlugin
2024-12-11 20:19:36,869 [INFO] PluginManager:220 - loadIPPluginJar : add extmemmanager
2024-12-11 20:19:36,888 [INFO] IPUIPlugin:80 - create IPUIPlugin
2024-12-11 20:19:36,889 [INFO] PluginManager:220 - loadIPPluginJar : add fatfs
2024-12-11 20:19:36,935 [INFO] IPUIPlugin:80 - create IPUIPlugin
2024-12-11 20:19:36,936 [INFO] PluginManager:220 - loadIPPluginJar : add fmc
2024-12-11 20:19:36,950 [INFO] IPUIPlugin:80 - create IPUIPlugin
2024-12-11 20:19:36,950 [INFO] PluginManager:220 - loadIPPluginJar : add freertos
2024-12-11 20:19:36,968 [INFO] IPUIPlugin:80 - create IPUIPlugin
2024-12-11 20:19:36,968 [INFO] PluginManager:220 - loadIPPluginJar : add genericplugin
2024-12-11 20:19:37,058 [INFO] IPUIPlugin:80 - create IPUIPlugin
2024-12-11 20:19:37,058 [INFO] PluginManager:220 - loadIPPluginJar : add gfxmmu
2024-12-11 20:19:37,177 [INFO] IPUIPlugin:80 - create IPUIPlugin
2024-12-11 20:19:37,178 [INFO] PluginManager:220 - loadIPPluginJar : add gic
2024-12-11 20:19:37,192 [INFO] IPUIPlugin:80 - create IPUIPlugin
2024-12-11 20:19:37,192 [INFO] PluginManager:220 - loadIPPluginJar : add gpio
2024-12-11 20:19:37,274 [INFO] IPUIPlugin:80 - create IPUIPlugin
2024-12-11 20:19:37,274 [INFO] PluginManager:220 - loadIPPluginJar : add gtzc
2024-12-11 20:19:37,306 [INFO] IPUIPlugin:80 - create IPUIPlugin
2024-12-11 20:19:37,306 [INFO] PluginManager:220 - loadIPPluginJar : add hash
2024-12-11 20:19:37,362 [INFO] IPUIPlugin:80 - create IPUIPlugin
2024-12-11 20:19:37,363 [INFO] PluginManager:220 - loadIPPluginJar : add i2c
2024-12-11 20:19:37,400 [INFO] IPUIPlugin:80 - create IPUIPlugin
2024-12-11 20:19:37,401 [INFO] PluginManager:220 - loadIPPluginJar : add i2s
2024-12-11 20:19:37,438 [INFO] IPUIPlugin:80 - create IPUIPlugin
2024-12-11 20:19:37,438 [INFO] PluginManager:220 - loadIPPluginJar : add i3c
2024-12-11 20:19:37,531 [INFO] IPUIPlugin:80 - create IPUIPlugin
2024-12-11 20:19:37,532 [INFO] PluginManager:220 - loadIPPluginJar : add ipddr
2024-12-11 20:19:37,612 [INFO] IPUIPlugin:80 - create IPUIPlugin
2024-12-11 20:19:37,613 [INFO] PluginManager:220 - loadIPPluginJar : add linkedlist
2024-12-11 20:19:37,647 [INFO] IPUIPlugin:80 - create IPUIPlugin
2024-12-11 20:19:37,647 [INFO] PluginManager:220 - loadIPPluginJar : add lorawan
2024-12-11 20:19:37,680 [INFO] IPUIPlugin:80 - create IPUIPlugin
2024-12-11 20:19:37,681 [INFO] PluginManager:220 - loadIPPluginJar : add ltdc
2024-12-11 20:19:37,693 [INFO] IPUIPlugin:80 - create IPUIPlugin
2024-12-11 20:19:37,694 [INFO] PluginManager:220 - loadIPPluginJar : add mdma
2024-12-11 20:19:37,704 [INFO] IPUIPlugin:80 - create IPUIPlugin
2024-12-11 20:19:37,704 [INFO] PluginManager:220 - loadIPPluginJar : add nvic
2024-12-11 20:19:37,737 [INFO] IPUIPlugin:80 - create IPUIPlugin
2024-12-11 20:19:37,737 [INFO] PluginManager:220 - loadIPPluginJar : add opamp
2024-12-11 20:19:37,792 [INFO] IPUIPlugin:80 - create IPUIPlugin
2024-12-11 20:19:37,792 [INFO] PluginManager:220 - loadIPPluginJar : add openamp
2024-12-11 20:19:37,830 [INFO] IPUIPlugin:80 - create IPUIPlugin
2024-12-11 20:19:37,830 [INFO] PluginManager:220 - loadIPPluginJar : add pdm2pcm
2024-12-11 20:19:37,844 [INFO] IPUIPlugin:80 - create IPUIPlugin
2024-12-11 20:19:37,845 [INFO] PluginManager:220 - loadIPPluginJar : add plateformsettings
2024-12-11 20:19:37,868 [INFO] IPUIPlugin:80 - create IPUIPlugin
2024-12-11 20:19:37,868 [INFO] PluginManager:220 - loadIPPluginJar : add quadspi
2024-12-11 20:19:37,905 [INFO] IPUIPlugin:80 - create IPUIPlugin
2024-12-11 20:19:37,907 [INFO] PluginManager:220 - loadIPPluginJar : add radio
2024-12-11 20:19:37,928 [INFO] IPUIPlugin:80 - create IPUIPlugin
2024-12-11 20:19:37,928 [INFO] PluginManager:220 - loadIPPluginJar : add resmgrutility
2024-12-11 20:19:37,977 [INFO] IPUIPlugin:80 - create IPUIPlugin
2024-12-11 20:19:37,977 [INFO] PluginManager:220 - loadIPPluginJar : add sai
2024-12-11 20:19:38,011 [INFO] IPUIPlugin:80 - create IPUIPlugin
2024-12-11 20:19:38,012 [INFO] PluginManager:220 - loadIPPluginJar : add spi
2024-12-11 20:19:38,074 [INFO] IPUIPlugin:80 - create IPUIPlugin
2024-12-11 20:19:38,074 [INFO] PluginManager:220 - loadIPPluginJar : add stm32_wpan
2024-12-11 20:19:38,100 [INFO] IPUIPlugin:80 - create IPUIPlugin
2024-12-11 20:19:38,100 [INFO] PluginManager:220 - loadIPPluginJar : add tim
2024-12-11 20:19:38,169 [INFO] IPUIPlugin:80 - create IPUIPlugin
2024-12-11 20:19:38,169 [INFO] PluginManager:220 - loadIPPluginJar : add touchsensing
2024-12-11 20:19:38,193 [INFO] IPUIPlugin:80 - create IPUIPlugin
2024-12-11 20:19:38,193 [INFO] PluginManager:220 - loadIPPluginJar : add tracer_emb
2024-12-11 20:19:38,220 [INFO] IPUIPlugin:80 - create IPUIPlugin
2024-12-11 20:19:38,220 [INFO] PluginManager:220 - loadIPPluginJar : add ts
2024-12-11 20:19:38,246 [INFO] IPUIPlugin:80 - create IPUIPlugin
2024-12-11 20:19:38,246 [INFO] PluginManager:220 - loadIPPluginJar : add tsc
2024-12-11 20:19:38,271 [INFO] IPUIPlugin:80 - create IPUIPlugin
2024-12-11 20:19:38,271 [INFO] PluginManager:220 - loadIPPluginJar : add ucpd
2024-12-11 20:19:38,319 [INFO] IPUIPlugin:80 - create IPUIPlugin
2024-12-11 20:19:38,319 [INFO] PluginManager:220 - loadIPPluginJar : add usart
2024-12-11 20:19:38,367 [INFO] IPUIPlugin:80 - create IPUIPlugin
2024-12-11 20:19:38,368 [INFO] PluginManager:220 - loadIPPluginJar : add usbx
2024-12-11 20:19:38,484 [INFO] CADModel:165 - CPN selected for project level
2024-12-11 20:19:38,484 [INFO] CADModel:114 - Register for checkConnection events
2024-12-11 20:19:38,484 [FATAL] Updater:334 - Updater called before beeing initialized
2024-12-11 20:19:38,485 [ERROR] CADModel:125 - Updater not yet initialized, retry later 
2024-12-11 20:19:38,624 [INFO] CADModel:165 - CPN selected for project level
2024-12-11 20:19:38,624 [INFO] CADModel:114 - Register for checkConnection events
2024-12-11 20:19:38,624 [FATAL] Updater:334 - Updater called before beeing initialized
2024-12-11 20:19:38,624 [ERROR] CADModel:125 - Updater not yet initialized, retry later 
2024-12-11 20:19:38,626 [FATAL] Updater:334 - Updater called before beeing initialized
2024-12-11 20:19:38,705 [FATAL] Updater:334 - Updater called before beeing initialized
2024-12-11 20:19:38,714 [INFO] DbMcusAds:53 - JSON generation date=Fri Sep 20 07:04:38 MDT 2024 (1726837478367)
2024-12-11 20:19:38,715 [FATAL] Updater:334 - Updater called before beeing initialized
2024-12-11 20:19:38,760 [WARN] DetailPanel:346 - Failed to get advertising image, set to default
2024-12-11 20:19:38,869 [FATAL] Updater:334 - Updater called before beeing initialized
2024-12-11 20:19:38,873 [FATAL] Updater:334 - Updater called before beeing initialized
2024-12-11 20:19:38,873 [FATAL] Updater:334 - Updater called before beeing initialized
2024-12-11 20:19:38,873 [WARN] DetailPanel:346 - Failed to get advertising image, set to default
2024-12-11 20:19:38,874 [FATAL] Updater:334 - Updater called before beeing initialized
2024-12-11 20:19:38,946 [ERROR] Updater:1164 - MainUpdater not yet initialized. External WinMGr cannot be set.
2024-12-11 20:19:38,956 [INFO] Updater:1100 - Updater Version found : 6.12.1
2024-12-11 20:19:38,972 [INFO] ApplicationProperties:184 - Using Application install path: C:\ST\STM32CubeIDE_1.16.0\STM32CubeIDE\plugins\com.st.stm32cube.common.mx_6.12.1.202409122256
2024-12-11 20:19:39,104 [INFO] ThirdPartyUpdaterWithRetryManager:70 - Updater plugin not ready yet. [2/15]
2024-12-11 20:19:40,546 [ERROR] LogOutputStream:75 - [STDERR_REDIRECT] Dec 11, 2024 8:19:40 PM java.util.prefs.WindowsPreferences <init>
2024-12-11 20:19:40,547 [ERROR] LogOutputStream:75 - [STDERR_REDIRECT] WARNING: Could not open/create prefs root node Software\JavaSoft\Prefs at root 0xffffffff80000002. Windows RegCreateKeyEx(...) returned error code 5.
2024-12-11 20:19:40,547 [ERROR] LogOutputStream:75 - [STDERR_REDIRECT] 
2024-12-11 20:19:41,042 [INFO] MainUpdater:2873 - connection check result : 10
2024-12-11 20:19:41,043 [INFO] MainUpdater:290 - Updater Check For Update Now.
2024-12-11 20:19:41,043 [INFO] MicroXplorer:498 - Change Database Version : DB.6.0.121
2024-12-11 20:19:41,058 [INFO] McuFinderGlobals:63 - Set McuFinder mode to 2 (CubeIDE integrated)
2024-12-11 20:19:41,058 [INFO] UserAuth:179 - activating auth plugin
2024-12-11 20:19:41,061 [INFO] UserAuth:417 - Internet connection configuration mode: 1
2024-12-11 20:19:41,087 [INFO] JxBrowserEngine:152 - Initiate JxBrowser Engine with user profile folder
2024-12-11 20:19:41,270 [INFO] CheckServerUpdateThread:120 - End of CheckServer Thread
2024-12-11 20:19:42,338 [WARN] PackLoader:240 - Cannot read IP mode file for STMicroelectronics.FP-SNS-MOTENVWB1.1.4.0
2024-12-11 20:19:42,353 [WARN] PackLoader:240 - Cannot read IP mode file for STMicroelectronics.FP-ATR-ASTRA1.2.0.1
2024-12-11 20:19:42,367 [WARN] PackLoader:240 - Cannot read IP mode file for STMicroelectronics.X-CUBE-SMBUS.2.1.0
2024-12-11 20:19:42,384 [WARN] PackLoader:240 - Cannot read IP mode file for STMicroelectronics.X-CUBE-WB05N.1.1.0
2024-12-11 20:19:42,397 [WARN] PackLoader:240 - Cannot read IP mode file for STMicroelectronics.X-CUBE-TOUCHGFX.4.23.0
2024-12-11 20:19:42,431 [WARN] PackLoader:240 - Cannot read IP mode file for STMicroelectronics.X-CUBE-AZRTOS-F7.1.1.0
2024-12-11 20:19:42,450 [WARN] PackLoader:240 - Cannot read IP mode file for STMicroelectronics.FP-SNS-MOTENV1.4.3.2
2024-12-11 20:19:42,465 [ERROR] RealEvaluatedCondition:428 - Found unsupported composite condition: GROUP='STM32_MetaDataManager' CLASS='Data Exchange'
2024-12-11 20:19:42,466 [ERROR] RealEvaluatedCondition:428 - Found unsupported composite condition: GROUP='STM32_MetaDataManager' CLASS='Data Exchange'
2024-12-11 20:19:42,467 [WARN] PackLoader:240 - Cannot read IP mode file for STMicroelectronics.FP-SNS-MOTENV1.4.3.1
2024-12-11 20:19:42,479 [WARN] PackLoader:240 - Cannot read IP mode file for STMicroelectronics.FP-SNS-FLIGHT1.5.0.1
2024-12-11 20:19:42,532 [WARN] PackLoader:240 - Cannot read IP mode file for STMicroelectronics.X-CUBE-MEMS1.11.0.0
2024-12-11 20:19:42,653 [WARN] PackLoader:240 - Cannot read IP mode file for STMicroelectronics.X-CUBE-BLE1.6.2.4
2024-12-11 20:19:42,665 [WARN] PackLoader:240 - Cannot read IP mode file for STMicroelectronics.FP-SNS-FLIGHT1.5.0.2
2024-12-11 20:19:42,680 [WARN] PackLoader:240 - Cannot read IP mode file for STMicroelectronics.X-CUBE-DISPLAY.3.0.0
2024-12-11 20:19:42,695 [WARN] PackLoader:240 - Cannot read IP mode file for STMicroelectronics.X-CUBE-BLE1.7.0.0
2024-12-11 20:19:42,709 [WARN] PackLoader:240 - Cannot read IP mode file for STMicroelectronics.X-CUBE-NFC10.1.0.0
2024-12-11 20:19:42,726 [WARN] PackLoader:240 - Cannot read IP mode file for STMicroelectronics.X-CUBE-BLEMGR.4.0.0
2024-12-11 20:19:42,739 [WARN] PackLoader:240 - Cannot read IP mode file for STMicroelectronics.X-CUBE-TOUCHGFX.4.22.0
2024-12-11 20:19:42,757 [WARN] PackLoader:240 - Cannot read IP mode file for STMicroelectronics.X-CUBE-BLEMGR.3.1.0
2024-12-11 20:19:42,770 [WARN] PackLoader:240 - Cannot read IP mode file for STMicroelectronics.FP-SNS-SMARTAG2.1.2.0
2024-12-11 20:19:42,786 [INFO] LogOutputStream:77 - [STDOUT_REDIRECT] 1 : Invalid condition id : UX_CORESTACK_Condition cause : null
2024-12-11 20:19:42,787 [INFO] LogOutputStream:77 - [STDOUT_REDIRECT] 1 : Invalid condition id : UX_CORESTACK_Condition cause : null
2024-12-11 20:19:42,788 [INFO] LogOutputStream:77 - [STDOUT_REDIRECT] 1 : Invalid condition id : UX_CORESTACK_Condition cause : null
2024-12-11 20:19:42,789 [INFO] LogOutputStream:77 - [STDOUT_REDIRECT] 1 : Invalid condition id : UX_CORESTACK_Condition cause : null
2024-12-11 20:19:42,790 [INFO] LogOutputStream:77 - [STDOUT_REDIRECT] 1 : Invalid condition id : UX_CORESTACK_Condition cause : null
2024-12-11 20:19:42,792 [WARN] PackLoader:240 - Cannot read IP mode file for STMicroelectronics.X-CUBE-AZRTOS-WL.2.0.0
2024-12-11 20:19:42,805 [WARN] PackLoader:240 - Cannot read IP mode file for STMicroelectronics.FP-SNS-MOTENV1.5.0.0
2024-12-11 20:19:42,819 [WARN] PackLoader:240 - Cannot read IP mode file for wolfSSL.I-CUBE-wolfMQTT.1.19.0
2024-12-11 20:19:42,841 [WARN] PackLoader:240 - Cannot read IP mode file for WES.I-CUBE-Cesium.1.3.0
2024-12-11 20:19:42,856 [WARN] PackLoader:240 - Cannot read IP mode file for STMicroelectronics.X-CUBE-BLE2.3.3.0
2024-12-11 20:19:42,868 [WARN] PackLoader:240 - Cannot read IP mode file for STMicroelectronics.X-CUBE-DISPLAY.2.2.0
2024-12-11 20:19:42,886 [WARN] PackLoader:240 - Cannot read IP mode file for STMicroelectronics.X-CUBE-TOF1.3.2.0
2024-12-11 20:19:42,904 [WARN] PackLoader:240 - Cannot read IP mode file for STMicroelectronics.X-CUBE-NFC9.1.0.0
2024-12-11 20:19:42,930 [WARN] PackLoader:240 - Cannot read IP mode file for STMicroelectronics.X-CUBE-AZRTOS-H7.2.1.0
2024-12-11 20:19:42,944 [WARN] PackLoader:240 - Cannot read IP mode file for STMicroelectronics.X-CUBE-TCPP.4.1.0
2024-12-11 20:19:42,960 [WARN] PackLoader:240 - Cannot read IP mode file for STMicroelectronics.X-CUBE-TOUCHGFX.4.21.0
2024-12-11 20:19:42,977 [WARN] PackLoader:240 - Cannot read IP mode file for STMicroelectronics.X-CUBE-TOUCHGFX.4.21.4
2024-12-11 20:19:43,024 [WARN] PackLoader:240 - Cannot read IP mode file for STMicroelectronics.X-CUBE-MEMS1.9.4.0
2024-12-11 20:19:43,112 [WARN] PackLoader:240 - Cannot read IP mode file for STMicroelectronics.X-CUBE-AI.7.3.0
2024-12-11 20:19:43,141 [WARN] PackLoader:240 - Cannot read IP mode file for STMicroelectronics.X-CUBE-ALGOBUILD.1.3.0
2024-12-11 20:19:43,179 [WARN] PackLoader:240 - Cannot read IP mode file for STMicroelectronics.X-CUBE-AZRTOS-G0.1.1.0
2024-12-11 20:19:43,199 [WARN] PackLoader:240 - Cannot read IP mode file for STMicroelectronics.X-CUBE-SAFEA1.1.2.2
2024-12-11 20:19:43,216 [WARN] PackLoader:240 - Cannot read IP mode file for STMicroelectronics.X-CUBE-NFC4.3.0.0
2024-12-11 20:19:43,237 [WARN] PackLoader:240 - Cannot read IP mode file for EmbeddedOffice.I-CUBE-FS-RTOS.1.0.1
2024-12-11 20:19:43,237 [ERROR] ConditionMgr:805 - Attr not supported : Dmpu
2024-12-11 20:19:43,237 [ERROR] ConditionMgr:805 - Attr not supported : Dmpu
2024-12-11 20:19:43,237 [ERROR] ConditionMgr:805 - Attr not supported : Dmpu
2024-12-11 20:19:43,237 [ERROR] ConditionMgr:805 - Attr not supported : Dmpu
2024-12-11 20:19:43,237 [ERROR] ConditionMgr:805 - Attr not supported : Dmpu
2024-12-11 20:19:43,237 [ERROR] ConditionMgr:805 - Attr not supported : Dmpu
2024-12-11 20:19:43,237 [ERROR] ConditionMgr:805 - Attr not supported : Dmpu
2024-12-11 20:19:43,238 [ERROR] ConditionMgr:805 - Attr not supported : Dmpu
2024-12-11 20:19:43,238 [ERROR] ConditionMgr:805 - Attr not supported : Dmpu
2024-12-11 20:19:43,238 [ERROR] ConditionMgr:805 - Attr not supported : Dmpu
2024-12-11 20:19:43,238 [ERROR] ConditionMgr:805 - Attr not supported : Dmpu
2024-12-11 20:19:43,238 [ERROR] ConditionMgr:805 - Attr not supported : Dmpu
2024-12-11 20:19:43,238 [ERROR] ConditionMgr:805 - Attr not supported : Dmpu
2024-12-11 20:19:43,238 [ERROR] ConditionMgr:805 - Attr not supported : Dmpu
2024-12-11 20:19:43,238 [ERROR] ConditionMgr:805 - Attr not supported : Dmpu
2024-12-11 20:19:43,238 [ERROR] ConditionMgr:805 - Attr not supported : Dmpu
2024-12-11 20:19:43,238 [ERROR] ConditionMgr:805 - Attr not supported : Dmpu
2024-12-11 20:19:43,238 [ERROR] ConditionMgr:805 - Attr not supported : Dmpu
2024-12-11 20:19:43,238 [ERROR] ConditionMgr:805 - Attr not supported : Dmpu
2024-12-11 20:19:43,239 [ERROR] ConditionMgr:805 - Attr not supported : Dmpu
2024-12-11 20:19:43,239 [ERROR] ConditionMgr:805 - Attr not supported : Dmpu
2024-12-11 20:19:43,239 [ERROR] ConditionMgr:805 - Attr not supported : Dmpu
2024-12-11 20:19:43,239 [ERROR] ConditionMgr:805 - Attr not supported : Dmpu
2024-12-11 20:19:43,239 [ERROR] ConditionMgr:805 - Attr not supported : Dmpu
2024-12-11 20:19:43,239 [ERROR] ConditionMgr:805 - Attr not supported : Dmpu
2024-12-11 20:19:43,239 [ERROR] ConditionMgr:805 - Attr not supported : Dmpu
2024-12-11 20:19:43,239 [ERROR] ConditionMgr:805 - Attr not supported : Dmpu
2024-12-11 20:19:43,239 [ERROR] ConditionMgr:805 - Attr not supported : Dmpu
2024-12-11 20:19:43,239 [ERROR] ConditionMgr:805 - Attr not supported : Dmpu
2024-12-11 20:19:43,239 [ERROR] ConditionMgr:805 - Attr not supported : Dmpu
2024-12-11 20:19:43,239 [ERROR] ConditionMgr:805 - Attr not supported : Dmpu
2024-12-11 20:19:43,239 [ERROR] ConditionMgr:805 - Attr not supported : Dmpu
2024-12-11 20:19:43,239 [ERROR] ConditionMgr:805 - Attr not supported : Dmpu
2024-12-11 20:19:43,239 [ERROR] ConditionMgr:805 - Attr not supported : Dmpu
2024-12-11 20:19:43,239 [ERROR] ConditionMgr:805 - Attr not supported : Dmpu
2024-12-11 20:19:43,239 [ERROR] ConditionMgr:805 - Attr not supported : Dmpu
2024-12-11 20:19:43,239 [ERROR] ConditionMgr:805 - Attr not supported : Dmpu
2024-12-11 20:19:43,239 [ERROR] ConditionMgr:805 - Attr not supported : Dmpu
2024-12-11 20:19:43,239 [ERROR] ConditionMgr:805 - Attr not supported : Dmpu
2024-12-11 20:19:43,239 [ERROR] ConditionMgr:805 - Attr not supported : Dmpu
2024-12-11 20:19:43,239 [ERROR] ConditionMgr:805 - Attr not supported : Dmpu
2024-12-11 20:19:43,239 [ERROR] ConditionMgr:805 - Attr not supported : Dmpu
2024-12-11 20:19:43,239 [ERROR] ConditionMgr:805 - Attr not supported : Dmpu
2024-12-11 20:19:43,239 [ERROR] ConditionMgr:805 - Attr not supported : Dmpu
2024-12-11 20:19:43,239 [ERROR] ConditionMgr:805 - Attr not supported : Dmpu
2024-12-11 20:19:43,239 [ERROR] ConditionMgr:805 - Attr not supported : Dmpu
2024-12-11 20:19:43,240 [ERROR] ConditionMgr:805 - Attr not supported : Dmpu
2024-12-11 20:19:43,240 [ERROR] ConditionMgr:805 - Attr not supported : Dmpu
2024-12-11 20:19:43,240 [ERROR] ConditionMgr:805 - Attr not supported : Dmpu
2024-12-11 20:19:43,240 [ERROR] ConditionMgr:805 - Attr not supported : Dmpu
2024-12-11 20:19:43,240 [ERROR] ConditionMgr:805 - Attr not supported : Dmpu
2024-12-11 20:19:43,240 [ERROR] ConditionMgr:805 - Attr not supported : Dmpu
2024-12-11 20:19:43,240 [ERROR] ConditionMgr:805 - Attr not supported : Dmpu
2024-12-11 20:19:43,240 [ERROR] ConditionMgr:805 - Attr not supported : Dmpu
2024-12-11 20:19:43,240 [ERROR] ConditionMgr:805 - Attr not supported : Dmpu
2024-12-11 20:19:43,240 [ERROR] ConditionMgr:805 - Attr not supported : Dmpu
2024-12-11 20:19:43,240 [ERROR] ConditionMgr:805 - Attr not supported : Dmpu
2024-12-11 20:19:43,240 [ERROR] ConditionMgr:805 - Attr not supported : Dmpu
2024-12-11 20:19:43,240 [ERROR] ConditionMgr:805 - Attr not supported : Dmpu
2024-12-11 20:19:43,240 [ERROR] ConditionMgr:805 - Attr not supported : Dmpu
2024-12-11 20:19:43,240 [ERROR] ConditionMgr:805 - Attr not supported : Dmpu
2024-12-11 20:19:43,240 [ERROR] ConditionMgr:805 - Attr not supported : Dmpu
2024-12-11 20:19:43,240 [ERROR] ConditionMgr:805 - Attr not supported : Dmpu
2024-12-11 20:19:43,240 [ERROR] ConditionMgr:805 - Attr not supported : Dmpu
2024-12-11 20:19:43,257 [WARN] PackLoader:240 - Cannot read IP mode file for STMicroelectronics.X-CUBE-BLEMGR.3.0.0
2024-12-11 20:19:43,273 [WARN] PackLoader:240 - Cannot read IP mode file for STMicroelectronics.X-CUBE-BLEMGR.1.3.0
2024-12-11 20:19:43,290 [WARN] PackLoader:240 - Cannot read IP mode file for RealThread.X-CUBE-RT-Thread_Nano.4.1.1
2024-12-11 20:19:43,303 [WARN] PackLoader:240 - Cannot read IP mode file for STMicroelectronics.FP-ATR-SIGFOX1.3.2.0
2024-12-11 20:19:43,316 [WARN] ConditionMgr:438 - getConditionDescription Invalid condition id : Cortex-A Device cause : null
2024-12-11 20:19:43,342 [WARN] ConditionMgr:1039 - genDependencies : Invalid condition id : Cortex-A Device cause : null
2024-12-11 20:19:43,342 [WARN] ConditionMgr:1039 - genDependencies : Invalid condition id : Cortex-A Device cause : null
2024-12-11 20:19:43,342 [WARN] ConditionMgr:1039 - genDependencies : Invalid condition id : Cortex-A Device cause : null
2024-12-11 20:19:43,358 [WARN] PackLoader:240 - Cannot read IP mode file for STMicroelectronics.X-CUBE-EEPRMA1.5.1.0
2024-12-11 20:19:43,375 [WARN] PackLoader:240 - Cannot read IP mode file for STMicroelectronics.X-CUBE-TOUCHGFX.4.20.0
2024-12-11 20:19:43,411 [WARN] PackLoader:240 - Cannot read IP mode file for SEGGER.I-CUBE-embOS.1.3.1
2024-12-11 20:19:43,457 [WARN] PackLoader:240 - Cannot read IP mode file for STMicroelectronics.X-CUBE-ALGOBUILD.1.4.0
2024-12-11 20:19:43,487 [WARN] PackLoader:240 - Cannot read IP mode file for SEGGER.I-CUBE-embOS.1.3.0
2024-12-11 20:19:43,524 [WARN] PackLoader:240 - Cannot read IP mode file for STMicroelectronics.X-CUBE-AI.9.1.0
2024-12-11 20:19:43,538 [WARN] PackLoader:240 - Cannot read IP mode file for STMicroelectronics.X-CUBE-GNSS1.6.0.0
2024-12-11 20:19:43,562 [WARN] PackLoader:240 - Cannot read IP mode file for STMicroelectronics.X-CUBE-AZRTOS-F4.1.1.0
2024-12-11 20:19:43,575 [WARN] PackLoader:240 - Cannot read IP mode file for STMicroelectronics.X-CUBE-ISPU.2.1.0
2024-12-11 20:19:43,587 [WARN] PackLoader:240 - Cannot read IP mode file for STMicroelectronics.X-CUBE-FREERTOS.1.2.0
2024-12-11 20:19:43,610 [WARN] PackLoader:240 - Cannot read IP mode file for STMicroelectronics.X-CUBE-AZRTOS-L5.2.0.0
2024-12-11 20:19:43,652 [WARN] PackLoader:240 - Cannot read IP mode file for STMicroelectronics.X-CUBE-MEMS1.9.6.0
2024-12-11 20:19:43,770 [WARN] PackLoader:240 - Cannot read IP mode file for STMicroelectronics.X-CUBE-EEPRMA1.4.2.0
2024-12-11 20:19:43,787 [WARN] PackLoader:240 - Cannot read IP mode file for STMicroelectronics.X-CUBE-NFC6.3.1.0
2024-12-11 20:19:43,801 [WARN] PackLoader:240 - Cannot read IP mode file for ITTIA_DB.I-CUBE-ITTIADB.8.8.0
2024-12-11 20:19:43,814 [WARN] PackLoader:240 - Cannot read IP mode file for emotas.I-CUBE-CANOPEN.1.1.3
2024-12-11 20:19:43,828 [WARN] PackLoader:240 - Cannot read IP mode file for STMicroelectronics.X-CUBE-BLEMGR.2.0.0
2024-12-11 20:19:43,841 [WARN] PackLoader:240 - Cannot read IP mode file for STMicroelectronics.X-CUBE-DPower.1.2.0
2024-12-11 20:19:43,855 [WARN] PackLoader:240 - Cannot read IP mode file for STMicroelectronics.X-CUBE-NFC4.2.0.5
2024-12-11 20:19:43,867 [WARN] PackLoader:240 - Cannot read IP mode file for STMicroelectronics.X-CUBE-AI.9.0.0
2024-12-11 20:19:43,888 [WARN] ConditionMgr:438 - getConditionDescription Invalid condition id : UX DEVICE CLASS RTOS Condition cause : null
2024-12-11 20:19:43,888 [WARN] ConditionMgr:438 - getConditionDescription Invalid condition id : UX DEVICE CLASS RTOS Condition cause : null
2024-12-11 20:19:43,890 [WARN] PackLoader:240 - Cannot read IP mode file for STMicroelectronics.X-CUBE-AZRTOS-H7.3.1.0
2024-12-11 20:19:43,891 [WARN] ConditionMgr:1039 - genDependencies : Invalid condition id : UX DEVICE CLASS RTOS Condition cause : null
2024-12-11 20:19:43,891 [WARN] ConditionMgr:1039 - genDependencies : Invalid condition id : UX DEVICE CLASS RTOS Condition cause : null
2024-12-11 20:19:43,891 [WARN] ConditionMgr:1039 - genDependencies : Invalid condition id : UX DEVICE CLASS RTOS Condition cause : null
2024-12-11 20:19:43,891 [WARN] ConditionMgr:1039 - genDependencies : Invalid condition id : UX DEVICE CLASS RTOS Condition cause : null
2024-12-11 20:19:43,891 [WARN] ConditionMgr:1039 - genDependencies : Invalid condition id : UX DEVICE CLASS RTOS Condition cause : null
2024-12-11 20:19:43,902 [WARN] PackLoader:240 - Cannot read IP mode file for wolfSSL.I-CUBE-wolfSSL.5.5.3
2024-12-11 20:19:43,913 [WARN] PackLoader:240 - Cannot read IP mode file for STMicroelectronics.X-CUBE-NFC7.1.0.1
2024-12-11 20:19:43,926 [WARN] PackLoader:240 - Cannot read IP mode file for STMicroelectronics.X-CUBE-NFC7.1.0.0
2024-12-11 20:19:43,939 [WARN] PackLoader:240 - Cannot read IP mode file for STMicroelectronics.X-CUBE-NFC6.3.0.0
2024-12-11 20:19:43,953 [WARN] PackLoader:240 - Cannot read IP mode file for STMicroelectronics.X-CUBE-EEPRMA1.4.1.0
2024-12-11 20:19:43,964 [WARN] PackLoader:240 - Cannot read IP mode file for STMicroelectronics.X-CUBE-AI.8.1.0
2024-12-11 20:19:43,985 [WARN] ConditionMgr:438 - getConditionDescription Invalid condition id : LAN8742 Phy interface Condition cause : null
2024-12-11 20:19:43,985 [WARN] PackLoader:240 - Cannot read IP mode file for STMicroelectronics.X-CUBE-AZRTOS-L4.2.0.0
2024-12-11 20:19:43,986 [WARN] ConditionMgr:1039 - genDependencies : Invalid condition id : LAN8742 Phy interface Condition cause : null
2024-12-11 20:19:43,986 [WARN] ConditionMgr:1039 - genDependencies : Invalid condition id : LAN8742 Phy interface Condition cause : null
2024-12-11 20:19:43,987 [WARN] ConditionMgr:1039 - genDependencies : Invalid condition id : LAN8742 Phy interface Condition cause : null
2024-12-11 20:19:44,009 [WARN] PackLoader:240 - Cannot read IP mode file for STMicroelectronics.X-CUBE-SFXS2LP1.4.0.0
2024-12-11 20:19:44,042 [WARN] PackLoader:240 - Cannot read IP mode file for STMicroelectronics.X-CUBE-AZRTOS-H7.3.0.0
2024-12-11 20:19:44,059 [WARN] PackLoader:240 - Cannot read IP mode file for STMicroelectronics.X-CUBE-ISPU.1.1.0
2024-12-11 20:19:44,088 [WARN] PackLoader:240 - Cannot read IP mode file for STMicroelectronics.X-CUBE-AZRTOS-H7.3.3.0
2024-12-11 20:19:44,106 [WARN] PackLoader:240 - Cannot read IP mode file for RoweBots.I-CUBE-UNISONRTOS.5.5.0-4
2024-12-11 20:19:44,121 [WARN] PackLoader:240 - Cannot read IP mode file for STMicroelectronics.X-CUBE-IPS.3.0.0
2024-12-11 20:19:44,140 [WARN] ConditionMgr:438 - getConditionDescription Invalid condition id : UX DEVICE CLASS RTOS Condition cause : null
2024-12-11 20:19:44,140 [WARN] ConditionMgr:438 - getConditionDescription Invalid condition id : UX DEVICE CLASS RTOS Condition cause : null
2024-12-11 20:19:44,141 [WARN] PackLoader:240 - Cannot read IP mode file for STMicroelectronics.X-CUBE-AZRTOS-WB.2.0.0
2024-12-11 20:19:44,142 [WARN] ConditionMgr:1039 - genDependencies : Invalid condition id : UX DEVICE CLASS RTOS Condition cause : null
2024-12-11 20:19:44,142 [WARN] ConditionMgr:1039 - genDependencies : Invalid condition id : UX DEVICE CLASS RTOS Condition cause : null
2024-12-11 20:19:44,142 [WARN] ConditionMgr:1039 - genDependencies : Invalid condition id : UX DEVICE CLASS RTOS Condition cause : null
2024-12-11 20:19:44,142 [WARN] ConditionMgr:1039 - genDependencies : Invalid condition id : UX DEVICE CLASS RTOS Condition cause : null
2024-12-11 20:19:44,142 [WARN] ConditionMgr:1039 - genDependencies : Invalid condition id : UX DEVICE CLASS RTOS Condition cause : null
2024-12-11 20:19:44,155 [WARN] PackLoader:240 - Cannot read IP mode file for STMicroelectronics.X-CUBE-FREERTOS.1.0.1
2024-12-11 20:19:44,167 [WARN] PackLoader:240 - Cannot read IP mode file for STMicroelectronics.X-CUBE-GNSS1.7.0.0
2024-12-11 20:19:44,180 [WARN] PackLoader:240 - Cannot read IP mode file for STMicroelectronics.FP-SNS-STBOX1.2.0.0
2024-12-11 20:19:44,202 [WARN] PackLoader:240 - Cannot read IP mode file for STMicroelectronics.X-CUBE-AZRTOS-L5.1.1.0
2024-12-11 20:19:44,214 [WARN] PackLoader:240 - Cannot read IP mode file for STMicroelectronics.X-CUBE-AI.8.0.1
2024-12-11 20:19:44,230 [WARN] PackLoader:240 - Cannot read IP mode file for STMicroelectronics.X-CUBE-SUBG2.5.0.0
2024-12-11 20:19:44,246 [WARN] PackLoader:240 - Cannot read IP mode file for Cesanta.I-CUBE-Mongoose.7.13.0
2024-12-11 20:19:44,263 [WARN] PackLoader:240 - Cannot read IP mode file for STMicroelectronics.X-CUBE-TOF1.3.3.1
2024-12-11 20:19:44,289 [WARN] PackLoader:240 - Cannot read IP mode file for STMicroelectronics.X-CUBE-AZRTOS-G4.2.0.0
2024-12-11 20:19:44,312 [WARN] PackLoader:240 - Cannot read IP mode file for STMicroelectronics.X-CUBE-TOF1.3.3.0
2024-12-11 20:19:44,328 [WARN] PackLoader:240 - Cannot read IP mode file for STMicroelectronics.FP-ATR-ASTRA1.1.1.1
2024-12-11 20:19:44,360 [WARN] PackLoader:240 - Cannot read IP mode file for Infineon.AIROC-Wi-Fi-Bluetooth-STM32.1.5.1
2024-12-11 20:19:44,373 [WARN] PackLoader:240 - Cannot read IP mode file for STMicroelectronics.FP-SNS-MOTENVWB1.1.3.1
2024-12-11 20:19:44,392 [WARN] PackLoader:240 - Cannot read IP mode file for STMicroelectronics.X-CUBE-AZRTOS-G4.1.0.0
2024-12-11 20:19:44,413 [WARN] PackLoader:240 - Cannot read IP mode file for STMicroelectronics.X-CUBE-AZRTOS-L4.1.0.0
2024-12-11 20:19:44,426 [WARN] PackLoader:240 - Cannot read IP mode file for STMicroelectronics.X-CUBE-ISPU.2.0.0
2024-12-11 20:19:44,436 [WARN] PackLoader:240 - Cannot read IP mode file for STMicroelectronics.X-CUBE-ALS.1.0.2
2024-12-11 20:19:44,471 [WARN] PackLoader:240 - Cannot read IP mode file for STMicroelectronics.X-CUBE-MEMS1.10.0.0
2024-12-11 20:19:44,542 [WARN] PackLoader:240 - Cannot read IP mode file for STMicroelectronics.X-CUBE-FREERTOS.1.1.0
2024-12-11 20:19:44,557 [WARN] PackLoader:240 - Cannot read IP mode file for STMicroelectronics.X-CUBE-TOUCHGFX.4.24.0
2024-12-11 20:19:44,581 [WARN] PackLoader:240 - Cannot read IP mode file for STMicroelectronics.X-CUBE-AZRTOS-WL.1.0.0
2024-12-11 20:19:44,595 [WARN] PackLoader:240 - Cannot read IP mode file for STMicroelectronics.X-CUBE-TOUCHGFX.4.24.1
2024-12-11 20:19:44,610 [WARN] PackLoader:240 - Cannot read IP mode file for wolfSSL.I-CUBE-wolfTPM.3.4.0
2024-12-11 20:19:44,622 [WARN] PackLoader:240 - Cannot read IP mode file for portGmbH.I-Cube-SoM-uGOAL.1.1.0
2024-12-11 20:19:44,632 [WARN] PackLoader:240 - Cannot read IP mode file for STMicroelectronics.X-CUBE-ALS.1.0.1
2024-12-11 20:19:44,650 [WARN] PackLoader:240 - Cannot read IP mode file for STMicroelectronics.X-CUBE-AZRTOS-WB.1.1.0
2024-12-11 20:19:44,662 [WARN] PackLoader:240 - Cannot read IP mode file for STMicroelectronics.X-CUBE-EEPRMA1.3.1.1
2024-12-11 20:19:44,682 [WARN] PackLoader:240 - Cannot read IP mode file for STMicroelectronics.X-CUBE-AZRTOS-H7RS.1.0.0
2024-12-11 20:19:44,693 [WARN] PackLoader:240 - Cannot read IP mode file for STMicroelectronics.FP-ATR-ASTRA1.2.0.0
2024-12-11 20:19:44,707 [WARN] PackLoader:240 - Cannot read IP mode file for STMicroelectronics.X-CUBE-TOF1.3.4.2
2024-12-11 20:19:44,726 [WARN] PackLoader:240 - Cannot read IP mode file for STMicroelectronics.X-CUBE-TOF1.3.4.0
2024-12-11 20:19:44,749 [WARN] PackLoader:240 - Cannot read IP mode file for STMicroelectronics.X-CUBE-AZRTOS-H7.3.2.0
2024-12-11 20:19:44,761 [WARN] PackLoader:240 - Cannot read IP mode file for wolfSSL.I-CUBE-wolfSSH.1.4.17
2024-12-11 20:19:44,761 [INFO] ThirdParty:978 - Integrity check success = true
2024-12-11 20:19:44,761 [INFO] IntegrityCheckThread:100 - exiting critical section [integrity check]
2024-12-11 20:19:44,761 [INFO] IntegrityCheckThread:103 - End integrity checks thread
2024-12-11 20:19:47,471 [INFO] WebApp:167 - Instantiating new browser for Auth
2024-12-11 20:19:48,216 [INFO] WebApp:448 - Apply proxy settings
2024-12-11 20:19:48,217 [INFO] WebApp:533 - Chromium requires no authentication
2024-12-11 20:19:48,228 [INFO] WebApp:476 - Direct internet connection detected
2024-12-11 20:19:48,257 [INFO] WebApp:869 - Register for checkConnection events
2024-12-11 20:19:48,257 [INFO] WebApp:448 - Apply proxy settings
2024-12-11 20:19:48,257 [INFO] WebApp:533 - Chromium requires no authentication
2024-12-11 20:19:48,257 [INFO] WebApp:476 - Direct internet connection detected
2024-12-11 20:19:48,460 [INFO] WebApp:220 - Starting web application
2024-12-11 20:19:48,460 [INFO] WebApp:578 - Web application path used C:\ST\STM32CubeIDE_1.16.0\STM32CubeIDE\plugins\com.st.stm32cube.common.mx_6.12.1.202409122256\db\plugins\mcufinder\reactClient1\index.html
2024-12-11 20:19:48,595 [INFO] WebApp:186 - Connection restablished
2024-12-11 20:29:29,031 [ERROR] LogOutputStream:75 - [STDERR_REDIRECT] 
2024-12-11 20:30:09,253 [INFO] Activator:176 - 


2024-12-11 20:30:09,255 [INFO] Activator:177 - !SESSION log4j initialized
2024-12-11 20:30:12,883 [INFO] LogOutputStream:77 - [STDOUT_REDIRECT] 
2024-12-11 20:30:13,684 [INFO] ApplicationProperties:184 - Using Application install path: C:\ST\STM32CubeIDE_1.16.0\STM32CubeIDE\plugins\com.st.stm32cube.common.mx_6.12.1.202409122256
2024-12-11 20:30:13,701 [INFO] DbMcusXml:78 - Set database path to: C:\ST\STM32CubeIDE_1.16.0\STM32CubeIDE\plugins\com.st.stm32cube.common.mx_6.12.1.202409122256\\db\/mcu/
2024-12-11 20:30:13,701 [INFO] ApiDb:274 - Set plugin database path to: C:\ST\STM32CubeIDE_1.16.0\STM32CubeIDE\plugins\com.st.stm32cube.common.mx_6.12.1.202409122256\\db\/plugins/boardmanager/
2024-12-11 20:30:13,702 [WARN] ApiDb:259 - Overriding images path with different value:  => C:\ST\STM32CubeIDE_1.16.0\STM32CubeIDE\plugins\com.st.stm32cube.common.mx_6.12.1.202409122256\\db\/plugins/mcufinder/images/
2024-12-11 20:30:13,710 [INFO] ApiDb:250 - Set database path to: C:\Users\14408\.stmcufinder\plugins\mcufinder//mcu/
2024-12-11 20:30:13,711 [INFO] DbMcusAds:125 - Set database path to: C:\Users\14408\.stmcufinder\plugins\mcufinder//mcu/
2024-12-11 20:30:13,714 [INFO] CrossReferenceDbSqlite:203 - Set database path to: C:\Users\14408\.stmcufinder\plugins\mcufinder//mcu/cs/
2024-12-11 20:30:13,863 [INFO] RulesReader:64 - Compatibility file has been processed (297 Rules)
2024-12-11 20:30:13,932 [INFO] DbMcusXml:78 - Set database path to: C:\ST\STM32CubeIDE_1.16.0\STM32CubeIDE\plugins\com.st.stm32cube.common.mx_6.12.1.202409122256\\db\/mcu/
2024-12-11 20:30:13,933 [INFO] ApiDb:274 - Set plugin database path to: C:\ST\STM32CubeIDE_1.16.0\STM32CubeIDE\plugins\com.st.stm32cube.common.mx_6.12.1.202409122256\\db\/plugins/boardmanager/
2024-12-11 20:30:13,933 [INFO] ApiDb:261 - Set plugin images path to: C:\ST\STM32CubeIDE_1.16.0\STM32CubeIDE\plugins\com.st.stm32cube.common.mx_6.12.1.202409122256\\db\/plugins/mcufinder/images/
2024-12-11 20:30:13,933 [WARN] DbFile:41 - Overriding database path with different value: C:\Users\14408\.stmcufinder\plugins\mcufinder/ => C:\Users\14408\.stmcufinder\plugins\mcufinder
2024-12-11 20:30:13,933 [INFO] ApiDb:250 - Set database path to: C:\Users\14408\.stmcufinder\plugins\mcufinder//mcu/
2024-12-11 20:30:13,933 [WARN] DbFile:41 - Overriding database path with different value: C:\Users\14408\.stmcufinder\plugins\mcufinder/ => C:\Users\14408\.stmcufinder\plugins\mcufinder
2024-12-11 20:30:13,934 [INFO] DbMcusAds:125 - Set database path to: C:\Users\14408\.stmcufinder\plugins\mcufinder//mcu/
2024-12-11 20:30:13,934 [WARN] DbFile:41 - Overriding database path with different value: C:\Users\14408\.stmcufinder\plugins\mcufinder/ => C:\Users\14408\.stmcufinder\plugins\mcufinder
2024-12-11 20:30:13,934 [WARN] DbFile:41 - Overriding database path with different value: C:\Users\14408\.stmcufinder\plugins\mcufinder/ => C:\Users\14408\.stmcufinder\plugins\mcufinder
2024-12-11 20:30:13,934 [INFO] CrossReferenceDbSqlite:203 - Set database path to: C:\Users\14408\.stmcufinder\plugins\mcufinder//mcu/cs/
2024-12-11 20:30:14,020 [INFO] MainPanel:268 - HeapMemory: 268435456
2024-12-11 20:30:14,136 [INFO] DbMcusXml:78 - Set database path to: C:\ST\STM32CubeIDE_1.16.0\STM32CubeIDE\plugins\com.st.stm32cube.common.mx_6.12.1.202409122256\\db\/mcu/
2024-12-11 20:30:14,136 [INFO] ApiDb:274 - Set plugin database path to: C:\ST\STM32CubeIDE_1.16.0\STM32CubeIDE\plugins\com.st.stm32cube.common.mx_6.12.1.202409122256\\db\/plugins/boardmanager/
2024-12-11 20:30:14,136 [INFO] ApiDb:261 - Set plugin images path to: C:\ST\STM32CubeIDE_1.16.0\STM32CubeIDE\plugins\com.st.stm32cube.common.mx_6.12.1.202409122256\\db\/plugins/mcufinder/images/
2024-12-11 20:30:14,137 [WARN] DbFile:41 - Overriding database path with different value: C:\Users\14408\.stmcufinder\plugins\mcufinder/ => C:\Users\14408\.stmcufinder\plugins\mcufinder
2024-12-11 20:30:14,137 [INFO] ApiDb:250 - Set database path to: C:\Users\14408\.stmcufinder\plugins\mcufinder//mcu/
2024-12-11 20:30:14,137 [WARN] DbFile:41 - Overriding database path with different value: C:\Users\14408\.stmcufinder\plugins\mcufinder/ => C:\Users\14408\.stmcufinder\plugins\mcufinder
2024-12-11 20:30:14,137 [INFO] DbMcusAds:125 - Set database path to: C:\Users\14408\.stmcufinder\plugins\mcufinder//mcu/
2024-12-11 20:30:14,137 [WARN] DbFile:41 - Overriding database path with different value: C:\Users\14408\.stmcufinder\plugins\mcufinder/ => C:\Users\14408\.stmcufinder\plugins\mcufinder
2024-12-11 20:30:14,137 [WARN] DbFile:41 - Overriding database path with different value: C:\Users\14408\.stmcufinder\plugins\mcufinder/ => C:\Users\14408\.stmcufinder\plugins\mcufinder
2024-12-11 20:30:14,137 [INFO] CrossReferenceDbSqlite:203 - Set database path to: C:\Users\14408\.stmcufinder\plugins\mcufinder//mcu/cs/
2024-12-11 20:30:14,149 [INFO] ApplicationProperties:184 - Using Application install path: C:\ST\STM32CubeIDE_1.16.0\STM32CubeIDE\plugins\com.st.stm32cube.common.mx_6.12.1.202409122256
2024-12-11 20:30:14,150 [INFO] PluginManage:196 - Search for loadable plugins [exclusion list=, ]
2024-12-11 20:30:14,151 [INFO] PluginManage:310 - Check plugin analytics
2024-12-11 20:30:14,261 [INFO] AnalyticsPlugin:253 - Accepted Software Licenses: 
2024-12-11 20:30:14,261 [INFO] AnalyticsPlugin:255 - Accepted CMSIS Pack Licenses: 
2024-12-11 20:30:14,261 [INFO] AnalyticsPlugin:257 - Accepted Firmware Licenses: 
2024-12-11 20:30:14,263 [INFO] PluginManage:359 - Loaded plugin analytics (category:tool,tabindex:-1)
2024-12-11 20:30:14,264 [INFO] PluginManage:310 - Check plugin cadmodel
2024-12-11 20:30:14,267 [INFO] CADModel:105 - Init CAD model plugin
2024-12-11 20:30:14,267 [INFO] PluginManage:359 - Loaded plugin cadmodel (category:power,tabindex:5)
2024-12-11 20:30:14,268 [INFO] PluginManage:310 - Check plugin clock
2024-12-11 20:30:14,274 [INFO] PluginManage:359 - Loaded plugin clock (category:base,tabindex:2)
2024-12-11 20:30:14,274 [INFO] PluginManage:310 - Check plugin ddr
2024-12-11 20:30:14,275 [INFO] PluginManage:359 - Loaded plugin ddr (category:tool,tabindex:6)
2024-12-11 20:30:14,275 [INFO] PluginManage:310 - Check plugin filemanager
2024-12-11 20:30:14,390 [INFO] PluginManage:359 - Loaded plugin filemanager (category:base,tabindex:10)
2024-12-11 20:30:14,390 [INFO] PluginManage:310 - Check plugin ipmanager
2024-12-11 20:30:14,395 [INFO] PluginManage:359 - Loaded plugin ipmanager (category:base,tabindex:5)
2024-12-11 20:30:14,396 [INFO] PluginManage:310 - Check plugin lpbam
2024-12-11 20:30:14,403 [INFO] PluginManage:359 - Loaded plugin lpbam (category:base,tabindex:0)
2024-12-11 20:30:14,404 [INFO] PluginManage:310 - Check plugin memorymap
2024-12-11 20:30:14,411 [INFO] PluginManage:359 - Loaded plugin memorymap (category:base,tabindex:4)
2024-12-11 20:30:14,411 [INFO] PluginManage:310 - Check plugin pinoutandconfiguration
2024-12-11 20:30:14,416 [INFO] PluginManage:359 - Loaded plugin pinoutandconfiguration (category:base,tabindex:1)
2024-12-11 20:30:14,416 [INFO] PluginManage:310 - Check plugin pinoutconfig
2024-12-11 20:30:14,491 [WARN] SupportedApi:132 - Cannot load RTOS API schema: s4s-elt-must-match.1: The content of 'definitions' must match (annotation?, (simpleType | complexType)?, (unique | key | keyref)*)). A problem was found starting at: attribute.
2024-12-11 20:30:14,620 [INFO] PluginManage:359 - Loaded plugin pinoutconfig (category:base,tabindex:0)
2024-12-11 20:30:14,620 [INFO] PluginManage:310 - Check plugin power
2024-12-11 20:30:14,628 [INFO] PluginManage:359 - Loaded plugin power (category:power,tabindex:4)
2024-12-11 20:30:14,628 [INFO] PluginManage:310 - Check plugin projectmanager
2024-12-11 20:30:14,643 [INFO] PluginManage:359 - Loaded plugin projectmanager (category:projectmanager,tabindex:4)
2024-12-11 20:30:14,643 [INFO] PluginManage:310 - Check plugin rif
2024-12-11 20:30:14,647 [INFO] PluginManage:359 - Loaded plugin rif (category:base,tabindex:3)
2024-12-11 20:30:14,648 [INFO] PluginManage:310 - Check plugin thirdparty
2024-12-11 20:30:14,749 [WARN] IntegrityCheckThread:84 - waiting for thirdparty lock release [integrity check]
2024-12-11 20:30:14,749 [INFO] PluginManage:359 - Loaded plugin thirdparty (category:base,tabindex:-1)
2024-12-11 20:30:14,749 [INFO] IntegrityCheckThread:86 - entering critical section [integrity check]
2024-12-11 20:30:14,750 [INFO] PluginManage:310 - Check plugin tools
2024-12-11 20:30:14,750 [INFO] ThirdPartyUpdaterWithRetryManager:70 - Updater plugin not ready yet. [1/15]
2024-12-11 20:30:14,752 [INFO] PluginManage:359 - Loaded plugin tools (category:base,tabindex:7)
2024-12-11 20:30:14,752 [INFO] PluginManage:310 - Check plugin tutovideos
2024-12-11 20:30:14,878 [INFO] PluginManage:359 - Loaded plugin tutovideos (category:base,tabindex:-1)
2024-12-11 20:30:14,879 [INFO] PluginManage:310 - Check plugin updater
2024-12-11 20:30:14,891 [INFO] PluginManage:359 - Loaded plugin updater (category:base,tabindex:12)
2024-12-11 20:30:14,891 [INFO] PluginManage:310 - Check plugin userauth
2024-12-11 20:30:14,896 [INFO] UserAuth:113 - Init User Auth plugin
2024-12-11 20:30:14,896 [INFO] PluginManage:359 - Loaded plugin userauth (category:base,tabindex:14)
2024-12-11 20:30:14,896 [INFO] PluginManage:283 - PluginManage : Loaded plugins [18]
2024-12-11 20:30:15,047 [INFO] PinOutPanel:1561 - setPackage(No Configuration,No Configuration)
2024-12-11 20:30:15,112 [INFO] CADModel:165 - CPN selected for project level
2024-12-11 20:30:15,113 [INFO] CADModel:114 - Register for checkConnection events
2024-12-11 20:30:15,125 [INFO] IPUIPlugin:80 - create IPUIPlugin
2024-12-11 20:30:15,126 [INFO] PluginManager:220 - loadIPPluginJar : add adc
2024-12-11 20:30:15,127 [INFO] IPUIPlugin:80 - create IPUIPlugin
2024-12-11 20:30:15,127 [INFO] PluginManager:220 - loadIPPluginJar : add aes
2024-12-11 20:30:15,129 [INFO] IPUIPlugin:80 - create IPUIPlugin
2024-12-11 20:30:15,129 [INFO] PluginManager:220 - loadIPPluginJar : add can
2024-12-11 20:30:15,130 [INFO] IPUIPlugin:80 - create IPUIPlugin
2024-12-11 20:30:15,130 [INFO] PluginManager:220 - loadIPPluginJar : add comp
2024-12-11 20:30:15,132 [INFO] IPUIPlugin:80 - create IPUIPlugin
2024-12-11 20:30:15,132 [INFO] PluginManager:220 - loadIPPluginJar : add cryp
2024-12-11 20:30:15,134 [INFO] IPUIPlugin:80 - create IPUIPlugin
2024-12-11 20:30:15,134 [INFO] PluginManager:220 - loadIPPluginJar : add ddr_ctrl_phy
2024-12-11 20:30:15,135 [INFO] IPUIPlugin:80 - create IPUIPlugin
2024-12-11 20:30:15,136 [INFO] PluginManager:220 - loadIPPluginJar : add dfsdm
2024-12-11 20:30:15,140 [INFO] IPUIPlugin:80 - create IPUIPlugin
2024-12-11 20:30:15,140 [INFO] PluginManager:220 - loadIPPluginJar : add dma
2024-12-11 20:30:15,141 [INFO] IPUIPlugin:80 - create IPUIPlugin
2024-12-11 20:30:15,142 [INFO] PluginManager:220 - loadIPPluginJar : add dma3
2024-12-11 20:30:15,143 [INFO] IPUIPlugin:80 - create IPUIPlugin
2024-12-11 20:30:15,143 [INFO] PluginManager:220 - loadIPPluginJar : add extmemmanager
2024-12-11 20:30:15,144 [INFO] IPUIPlugin:80 - create IPUIPlugin
2024-12-11 20:30:15,144 [INFO] PluginManager:220 - loadIPPluginJar : add fatfs
2024-12-11 20:30:15,147 [INFO] IPUIPlugin:80 - create IPUIPlugin
2024-12-11 20:30:15,148 [INFO] PluginManager:220 - loadIPPluginJar : add fmc
2024-12-11 20:30:15,151 [INFO] IPUIPlugin:80 - create IPUIPlugin
2024-12-11 20:30:15,151 [INFO] PluginManager:220 - loadIPPluginJar : add freertos
2024-12-11 20:30:15,152 [INFO] IPUIPlugin:80 - create IPUIPlugin
2024-12-11 20:30:15,152 [INFO] PluginManager:220 - loadIPPluginJar : add genericplugin
2024-12-11 20:30:15,153 [INFO] IPUIPlugin:80 - create IPUIPlugin
2024-12-11 20:30:15,153 [INFO] PluginManager:220 - loadIPPluginJar : add gfxmmu
2024-12-11 20:30:15,157 [INFO] IPUIPlugin:80 - create IPUIPlugin
2024-12-11 20:30:15,157 [INFO] PluginManager:220 - loadIPPluginJar : add gic
2024-12-11 20:30:15,159 [INFO] IPUIPlugin:80 - create IPUIPlugin
2024-12-11 20:30:15,159 [INFO] PluginManager:220 - loadIPPluginJar : add gpio
2024-12-11 20:30:15,161 [INFO] IPUIPlugin:80 - create IPUIPlugin
2024-12-11 20:30:15,161 [INFO] PluginManager:220 - loadIPPluginJar : add gtzc
2024-12-11 20:30:15,163 [INFO] IPUIPlugin:80 - create IPUIPlugin
2024-12-11 20:30:15,163 [INFO] PluginManager:220 - loadIPPluginJar : add hash
2024-12-11 20:30:15,164 [INFO] IPUIPlugin:80 - create IPUIPlugin
2024-12-11 20:30:15,164 [INFO] PluginManager:220 - loadIPPluginJar : add i2c
2024-12-11 20:30:15,166 [INFO] IPUIPlugin:80 - create IPUIPlugin
2024-12-11 20:30:15,166 [INFO] PluginManager:220 - loadIPPluginJar : add i2s
2024-12-11 20:30:15,168 [INFO] IPUIPlugin:80 - create IPUIPlugin
2024-12-11 20:30:15,168 [INFO] PluginManager:220 - loadIPPluginJar : add i3c
2024-12-11 20:30:15,170 [INFO] IPUIPlugin:80 - create IPUIPlugin
2024-12-11 20:30:15,170 [INFO] PluginManager:220 - loadIPPluginJar : add ipddr
2024-12-11 20:30:15,175 [INFO] IPUIPlugin:80 - create IPUIPlugin
2024-12-11 20:30:15,176 [INFO] PluginManager:220 - loadIPPluginJar : add linkedlist
2024-12-11 20:30:15,180 [INFO] IPUIPlugin:80 - create IPUIPlugin
2024-12-11 20:30:15,180 [INFO] PluginManager:220 - loadIPPluginJar : add lorawan
2024-12-11 20:30:15,181 [INFO] IPUIPlugin:80 - create IPUIPlugin
2024-12-11 20:30:15,181 [INFO] PluginManager:220 - loadIPPluginJar : add ltdc
2024-12-11 20:30:15,184 [INFO] IPUIPlugin:80 - create IPUIPlugin
2024-12-11 20:30:15,185 [INFO] PluginManager:220 - loadIPPluginJar : add mdma
2024-12-11 20:30:15,187 [INFO] IPUIPlugin:80 - create IPUIPlugin
2024-12-11 20:30:15,187 [INFO] PluginManager:220 - loadIPPluginJar : add nvic
2024-12-11 20:30:15,188 [INFO] IPUIPlugin:80 - create IPUIPlugin
2024-12-11 20:30:15,188 [INFO] PluginManager:220 - loadIPPluginJar : add opamp
2024-12-11 20:30:15,190 [INFO] IPUIPlugin:80 - create IPUIPlugin
2024-12-11 20:30:15,190 [INFO] PluginManager:220 - loadIPPluginJar : add openamp
2024-12-11 20:30:15,192 [INFO] IPUIPlugin:80 - create IPUIPlugin
2024-12-11 20:30:15,192 [INFO] PluginManager:220 - loadIPPluginJar : add pdm2pcm
2024-12-11 20:30:15,196 [INFO] IPUIPlugin:80 - create IPUIPlugin
2024-12-11 20:30:15,199 [INFO] PluginManager:220 - loadIPPluginJar : add plateformsettings
2024-12-11 20:30:15,200 [INFO] IPUIPlugin:80 - create IPUIPlugin
2024-12-11 20:30:15,200 [INFO] PluginManager:220 - loadIPPluginJar : add quadspi
2024-12-11 20:30:15,203 [INFO] IPUIPlugin:80 - create IPUIPlugin
2024-12-11 20:30:15,205 [INFO] PluginManager:220 - loadIPPluginJar : add radio
2024-12-11 20:30:15,207 [INFO] IPUIPlugin:80 - create IPUIPlugin
2024-12-11 20:30:15,207 [INFO] PluginManager:220 - loadIPPluginJar : add resmgrutility
2024-12-11 20:30:15,208 [INFO] IPUIPlugin:80 - create IPUIPlugin
2024-12-11 20:30:15,208 [INFO] PluginManager:220 - loadIPPluginJar : add sai
2024-12-11 20:30:15,210 [INFO] IPUIPlugin:80 - create IPUIPlugin
2024-12-11 20:30:15,210 [INFO] PluginManager:220 - loadIPPluginJar : add spi
2024-12-11 20:30:15,213 [INFO] IPUIPlugin:80 - create IPUIPlugin
2024-12-11 20:30:15,213 [INFO] PluginManager:220 - loadIPPluginJar : add stm32_wpan
2024-12-11 20:30:15,214 [INFO] IPUIPlugin:80 - create IPUIPlugin
2024-12-11 20:30:15,214 [INFO] PluginManager:220 - loadIPPluginJar : add tim
2024-12-11 20:30:15,216 [INFO] IPUIPlugin:80 - create IPUIPlugin
2024-12-11 20:30:15,216 [INFO] PluginManager:220 - loadIPPluginJar : add touchsensing
2024-12-11 20:30:15,218 [INFO] IPUIPlugin:80 - create IPUIPlugin
2024-12-11 20:30:15,218 [INFO] PluginManager:220 - loadIPPluginJar : add tracer_emb
2024-12-11 20:30:15,220 [INFO] IPUIPlugin:80 - create IPUIPlugin
2024-12-11 20:30:15,220 [INFO] PluginManager:220 - loadIPPluginJar : add ts
2024-12-11 20:30:15,221 [INFO] IPUIPlugin:80 - create IPUIPlugin
2024-12-11 20:30:15,221 [INFO] PluginManager:220 - loadIPPluginJar : add tsc
2024-12-11 20:30:15,223 [INFO] IPUIPlugin:80 - create IPUIPlugin
2024-12-11 20:30:15,223 [INFO] PluginManager:220 - loadIPPluginJar : add ucpd
2024-12-11 20:30:15,225 [INFO] IPUIPlugin:80 - create IPUIPlugin
2024-12-11 20:30:15,225 [INFO] PluginManager:220 - loadIPPluginJar : add usart
2024-12-11 20:30:15,227 [INFO] IPUIPlugin:80 - create IPUIPlugin
2024-12-11 20:30:15,227 [INFO] PluginManager:220 - loadIPPluginJar : add usbx
2024-12-11 20:30:15,340 [INFO] CADModel:165 - CPN selected for project level
2024-12-11 20:30:15,341 [INFO] CADModel:114 - Register for checkConnection events
2024-12-11 20:30:15,341 [FATAL] Updater:334 - Updater called before beeing initialized
2024-12-11 20:30:15,341 [ERROR] CADModel:125 - Updater not yet initialized, retry later 
2024-12-11 20:30:15,463 [INFO] CADModel:165 - CPN selected for project level
2024-12-11 20:30:15,463 [INFO] CADModel:114 - Register for checkConnection events
2024-12-11 20:30:15,463 [FATAL] Updater:334 - Updater called before beeing initialized
2024-12-11 20:30:15,463 [ERROR] CADModel:125 - Updater not yet initialized, retry later 
2024-12-11 20:30:15,466 [FATAL] Updater:334 - Updater called before beeing initialized
2024-12-11 20:30:15,539 [FATAL] Updater:334 - Updater called before beeing initialized
2024-12-11 20:30:15,543 [INFO] DbMcusAds:53 - JSON generation date=Fri Sep 20 07:04:38 MDT 2024 (1726837478367)
2024-12-11 20:30:15,543 [FATAL] Updater:334 - Updater called before beeing initialized
2024-12-11 20:30:15,570 [WARN] DetailPanel:346 - Failed to get advertising image, set to default
2024-12-11 20:30:15,645 [FATAL] Updater:334 - Updater called before beeing initialized
2024-12-11 20:30:15,646 [FATAL] Updater:334 - Updater called before beeing initialized
2024-12-11 20:30:15,646 [FATAL] Updater:334 - Updater called before beeing initialized
2024-12-11 20:30:15,647 [WARN] DetailPanel:346 - Failed to get advertising image, set to default
2024-12-11 20:30:15,647 [FATAL] Updater:334 - Updater called before beeing initialized
2024-12-11 20:30:15,683 [ERROR] Updater:1164 - MainUpdater not yet initialized. External WinMGr cannot be set.
2024-12-11 20:30:15,684 [INFO] Updater:1100 - Updater Version found : 6.12.1
2024-12-11 20:30:15,699 [INFO] ApplicationProperties:184 - Using Application install path: C:\ST\STM32CubeIDE_1.16.0\STM32CubeIDE\plugins\com.st.stm32cube.common.mx_6.12.1.202409122256
2024-12-11 20:30:17,278 [ERROR] LogOutputStream:75 - [STDERR_REDIRECT] Dec 11, 2024 8:30:17 PM java.util.prefs.WindowsPreferences <init>
2024-12-11 20:30:17,280 [ERROR] LogOutputStream:75 - [STDERR_REDIRECT] WARNING: Could not open/create prefs root node Software\JavaSoft\Prefs at root 0xffffffff80000002. Windows RegCreateKeyEx(...) returned error code 5.
2024-12-11 20:30:17,281 [ERROR] LogOutputStream:75 - [STDERR_REDIRECT] 
2024-12-11 20:30:17,632 [INFO] MainUpdater:2873 - connection check result : 10
2024-12-11 20:30:17,632 [INFO] MainUpdater:290 - Updater Check For Update Now.
2024-12-11 20:30:17,632 [INFO] MicroXplorer:498 - Change Database Version : DB.6.0.121
2024-12-11 20:30:17,650 [INFO] McuFinderGlobals:63 - Set McuFinder mode to 2 (CubeIDE integrated)
2024-12-11 20:30:17,650 [INFO] UserAuth:179 - activating auth plugin
2024-12-11 20:30:17,654 [INFO] UserAuth:417 - Internet connection configuration mode: 1
2024-12-11 20:30:17,683 [INFO] JxBrowserEngine:152 - Initiate JxBrowser Engine with user profile folder
2024-12-11 20:30:17,751 [WARN] MainUpdater:1194 - Updater busy. Cannot search thirdparties
2024-12-11 20:30:17,751 [INFO] ThirdPartyUpdaterWithRetryManager:96 - Updater plugin is busy. [1/15]
2024-12-11 20:30:17,811 [INFO] CheckServerUpdateThread:120 - End of CheckServer Thread
2024-12-11 20:30:18,185 [INFO] WebApp:167 - Instantiating new browser for Auth
2024-12-11 20:30:18,753 [INFO] WebApp:448 - Apply proxy settings
2024-12-11 20:30:18,753 [INFO] WebApp:533 - Chromium requires no authentication
2024-12-11 20:30:18,759 [INFO] WebApp:476 - Direct internet connection detected
2024-12-11 20:30:18,775 [INFO] WebApp:869 - Register for checkConnection events
2024-12-11 20:30:18,776 [INFO] WebApp:448 - Apply proxy settings
2024-12-11 20:30:18,776 [INFO] WebApp:533 - Chromium requires no authentication
2024-12-11 20:30:18,776 [INFO] WebApp:476 - Direct internet connection detected
2024-12-11 20:30:18,930 [INFO] WebApp:220 - Starting web application
2024-12-11 20:30:18,930 [INFO] WebApp:578 - Web application path used C:\ST\STM32CubeIDE_1.16.0\STM32CubeIDE\plugins\com.st.stm32cube.common.mx_6.12.1.202409122256\db\plugins\mcufinder\reactClient1\index.html
2024-12-11 20:30:19,088 [INFO] WebApp:186 - Connection restablished
2024-12-11 20:30:20,912 [WARN] PackLoader:240 - Cannot read IP mode file for STMicroelectronics.FP-SNS-MOTENVWB1.1.4.0
2024-12-11 20:30:20,919 [WARN] PackLoader:240 - Cannot read IP mode file for STMicroelectronics.FP-ATR-ASTRA1.2.0.1
2024-12-11 20:30:20,927 [WARN] PackLoader:240 - Cannot read IP mode file for STMicroelectronics.X-CUBE-SMBUS.2.1.0
2024-12-11 20:30:20,932 [WARN] PackLoader:240 - Cannot read IP mode file for STMicroelectronics.X-CUBE-WB05N.1.1.0
2024-12-11 20:30:20,937 [WARN] PackLoader:240 - Cannot read IP mode file for STMicroelectronics.X-CUBE-TOUCHGFX.4.23.0
2024-12-11 20:30:20,961 [WARN] PackLoader:240 - Cannot read IP mode file for STMicroelectronics.X-CUBE-AZRTOS-F7.1.1.0
2024-12-11 20:30:20,970 [WARN] PackLoader:240 - Cannot read IP mode file for STMicroelectronics.FP-SNS-MOTENV1.4.3.2
2024-12-11 20:30:20,974 [ERROR] RealEvaluatedCondition:428 - Found unsupported composite condition: GROUP='STM32_MetaDataManager' CLASS='Data Exchange'
2024-12-11 20:30:20,975 [ERROR] RealEvaluatedCondition:428 - Found unsupported composite condition: CLASS='Data Exchange' GROUP='STM32_MetaDataManager'
2024-12-11 20:30:20,976 [WARN] PackLoader:240 - Cannot read IP mode file for STMicroelectronics.FP-SNS-MOTENV1.4.3.1
2024-12-11 20:30:20,980 [WARN] PackLoader:240 - Cannot read IP mode file for STMicroelectronics.FP-SNS-FLIGHT1.5.0.1
2024-12-11 20:30:21,032 [WARN] PackLoader:240 - Cannot read IP mode file for STMicroelectronics.X-CUBE-MEMS1.11.0.0
2024-12-11 20:30:21,169 [WARN] PackLoader:240 - Cannot read IP mode file for STMicroelectronics.X-CUBE-BLE1.6.2.4
2024-12-11 20:30:21,172 [WARN] PackLoader:240 - Cannot read IP mode file for STMicroelectronics.FP-SNS-FLIGHT1.5.0.2
2024-12-11 20:30:21,177 [WARN] PackLoader:240 - Cannot read IP mode file for STMicroelectronics.X-CUBE-DISPLAY.3.0.0
2024-12-11 20:30:21,183 [WARN] PackLoader:240 - Cannot read IP mode file for STMicroelectronics.X-CUBE-BLE1.7.0.0
2024-12-11 20:30:21,187 [WARN] PackLoader:240 - Cannot read IP mode file for STMicroelectronics.X-CUBE-NFC10.1.0.0
2024-12-11 20:30:21,194 [WARN] PackLoader:240 - Cannot read IP mode file for STMicroelectronics.X-CUBE-BLEMGR.4.0.0
2024-12-11 20:30:21,198 [WARN] PackLoader:240 - Cannot read IP mode file for STMicroelectronics.X-CUBE-TOUCHGFX.4.22.0
2024-12-11 20:30:21,202 [WARN] PackLoader:240 - Cannot read IP mode file for STMicroelectronics.X-CUBE-BLEMGR.3.1.0
2024-12-11 20:30:21,206 [WARN] PackLoader:240 - Cannot read IP mode file for STMicroelectronics.FP-SNS-SMARTAG2.1.2.0
2024-12-11 20:30:21,212 [INFO] LogOutputStream:77 - [STDOUT_REDIRECT] 1 : Invalid condition id : UX_CORESTACK_Condition cause : null
2024-12-11 20:30:21,213 [INFO] LogOutputStream:77 - [STDOUT_REDIRECT] 1 : Invalid condition id : UX_CORESTACK_Condition cause : null
2024-12-11 20:30:21,214 [INFO] LogOutputStream:77 - [STDOUT_REDIRECT] 1 : Invalid condition id : UX_CORESTACK_Condition cause : null
2024-12-11 20:30:21,215 [INFO] LogOutputStream:77 - [STDOUT_REDIRECT] 1 : Invalid condition id : UX_CORESTACK_Condition cause : null
2024-12-11 20:30:21,216 [INFO] LogOutputStream:77 - [STDOUT_REDIRECT] 1 : Invalid condition id : UX_CORESTACK_Condition cause : null
2024-12-11 20:30:21,218 [WARN] PackLoader:240 - Cannot read IP mode file for STMicroelectronics.X-CUBE-AZRTOS-WL.2.0.0
2024-12-11 20:30:21,222 [WARN] PackLoader:240 - Cannot read IP mode file for STMicroelectronics.FP-SNS-MOTENV1.5.0.0
2024-12-11 20:30:21,225 [WARN] PackLoader:240 - Cannot read IP mode file for wolfSSL.I-CUBE-wolfMQTT.1.19.0
2024-12-11 20:30:21,231 [WARN] PackLoader:240 - Cannot read IP mode file for WES.I-CUBE-Cesium.1.3.0
2024-12-11 20:30:21,235 [WARN] PackLoader:240 - Cannot read IP mode file for STMicroelectronics.X-CUBE-BLE2.3.3.0
2024-12-11 20:30:21,238 [WARN] PackLoader:240 - Cannot read IP mode file for STMicroelectronics.X-CUBE-DISPLAY.2.2.0
2024-12-11 20:30:21,245 [WARN] PackLoader:240 - Cannot read IP mode file for STMicroelectronics.X-CUBE-TOF1.3.2.0
2024-12-11 20:30:21,252 [WARN] PackLoader:240 - Cannot read IP mode file for STMicroelectronics.X-CUBE-NFC9.1.0.0
2024-12-11 20:30:21,263 [WARN] PackLoader:240 - Cannot read IP mode file for STMicroelectronics.X-CUBE-AZRTOS-H7.2.1.0
2024-12-11 20:30:21,271 [WARN] PackLoader:240 - Cannot read IP mode file for STMicroelectronics.X-CUBE-TCPP.4.1.0
2024-12-11 20:30:21,274 [WARN] PackLoader:240 - Cannot read IP mode file for STMicroelectronics.X-CUBE-TOUCHGFX.4.21.0
2024-12-11 20:30:21,276 [WARN] PackLoader:240 - Cannot read IP mode file for STMicroelectronics.X-CUBE-TOUCHGFX.4.21.4
2024-12-11 20:30:21,300 [WARN] PackLoader:240 - Cannot read IP mode file for STMicroelectronics.X-CUBE-MEMS1.9.4.0
2024-12-11 20:30:21,364 [WARN] PackLoader:240 - Cannot read IP mode file for STMicroelectronics.X-CUBE-AI.7.3.0
2024-12-11 20:30:21,369 [WARN] PackLoader:240 - Cannot read IP mode file for STMicroelectronics.X-CUBE-ALGOBUILD.1.3.0
2024-12-11 20:30:21,382 [WARN] PackLoader:240 - Cannot read IP mode file for STMicroelectronics.X-CUBE-AZRTOS-G0.1.1.0
2024-12-11 20:30:21,387 [WARN] PackLoader:240 - Cannot read IP mode file for STMicroelectronics.X-CUBE-SAFEA1.1.2.2
2024-12-11 20:30:21,391 [WARN] PackLoader:240 - Cannot read IP mode file for STMicroelectronics.X-CUBE-NFC4.3.0.0
2024-12-11 20:30:21,397 [WARN] PackLoader:240 - Cannot read IP mode file for EmbeddedOffice.I-CUBE-FS-RTOS.1.0.1
2024-12-11 20:30:21,397 [ERROR] ConditionMgr:805 - Attr not supported : Dmpu
2024-12-11 20:30:21,398 [ERROR] ConditionMgr:805 - Attr not supported : Dmpu
2024-12-11 20:30:21,398 [ERROR] ConditionMgr:805 - Attr not supported : Dmpu
2024-12-11 20:30:21,398 [ERROR] ConditionMgr:805 - Attr not supported : Dmpu
2024-12-11 20:30:21,398 [ERROR] ConditionMgr:805 - Attr not supported : Dmpu
2024-12-11 20:30:21,398 [ERROR] ConditionMgr:805 - Attr not supported : Dmpu
2024-12-11 20:30:21,398 [ERROR] ConditionMgr:805 - Attr not supported : Dmpu
2024-12-11 20:30:21,398 [ERROR] ConditionMgr:805 - Attr not supported : Dmpu
2024-12-11 20:30:21,398 [ERROR] ConditionMgr:805 - Attr not supported : Dmpu
2024-12-11 20:30:21,398 [ERROR] ConditionMgr:805 - Attr not supported : Dmpu
2024-12-11 20:30:21,398 [ERROR] ConditionMgr:805 - Attr not supported : Dmpu
2024-12-11 20:30:21,398 [ERROR] ConditionMgr:805 - Attr not supported : Dmpu
2024-12-11 20:30:21,398 [ERROR] ConditionMgr:805 - Attr not supported : Dmpu
2024-12-11 20:30:21,398 [ERROR] ConditionMgr:805 - Attr not supported : Dmpu
2024-12-11 20:30:21,398 [ERROR] ConditionMgr:805 - Attr not supported : Dmpu
2024-12-11 20:30:21,398 [ERROR] ConditionMgr:805 - Attr not supported : Dmpu
2024-12-11 20:30:21,398 [ERROR] ConditionMgr:805 - Attr not supported : Dmpu
2024-12-11 20:30:21,398 [ERROR] ConditionMgr:805 - Attr not supported : Dmpu
2024-12-11 20:30:21,398 [ERROR] ConditionMgr:805 - Attr not supported : Dmpu
2024-12-11 20:30:21,398 [ERROR] ConditionMgr:805 - Attr not supported : Dmpu
2024-12-11 20:30:21,398 [ERROR] ConditionMgr:805 - Attr not supported : Dmpu
2024-12-11 20:30:21,398 [ERROR] ConditionMgr:805 - Attr not supported : Dmpu
2024-12-11 20:30:21,398 [ERROR] ConditionMgr:805 - Attr not supported : Dmpu
2024-12-11 20:30:21,398 [ERROR] ConditionMgr:805 - Attr not supported : Dmpu
2024-12-11 20:30:21,398 [ERROR] ConditionMgr:805 - Attr not supported : Dmpu
2024-12-11 20:30:21,398 [ERROR] ConditionMgr:805 - Attr not supported : Dmpu
2024-12-11 20:30:21,398 [ERROR] ConditionMgr:805 - Attr not supported : Dmpu
2024-12-11 20:30:21,398 [ERROR] ConditionMgr:805 - Attr not supported : Dmpu
2024-12-11 20:30:21,398 [ERROR] ConditionMgr:805 - Attr not supported : Dmpu
2024-12-11 20:30:21,398 [ERROR] ConditionMgr:805 - Attr not supported : Dmpu
2024-12-11 20:30:21,398 [ERROR] ConditionMgr:805 - Attr not supported : Dmpu
2024-12-11 20:30:21,398 [ERROR] ConditionMgr:805 - Attr not supported : Dmpu
2024-12-11 20:30:21,398 [ERROR] ConditionMgr:805 - Attr not supported : Dmpu
2024-12-11 20:30:21,398 [ERROR] ConditionMgr:805 - Attr not supported : Dmpu
2024-12-11 20:30:21,398 [ERROR] ConditionMgr:805 - Attr not supported : Dmpu
2024-12-11 20:30:21,400 [ERROR] ConditionMgr:805 - Attr not supported : Dmpu
2024-12-11 20:30:21,400 [ERROR] ConditionMgr:805 - Attr not supported : Dmpu
2024-12-11 20:30:21,400 [ERROR] ConditionMgr:805 - Attr not supported : Dmpu
2024-12-11 20:30:21,400 [ERROR] ConditionMgr:805 - Attr not supported : Dmpu
2024-12-11 20:30:21,400 [ERROR] ConditionMgr:805 - Attr not supported : Dmpu
2024-12-11 20:30:21,400 [ERROR] ConditionMgr:805 - Attr not supported : Dmpu
2024-12-11 20:30:21,400 [ERROR] ConditionMgr:805 - Attr not supported : Dmpu
2024-12-11 20:30:21,400 [ERROR] ConditionMgr:805 - Attr not supported : Dmpu
2024-12-11 20:30:21,400 [ERROR] ConditionMgr:805 - Attr not supported : Dmpu
2024-12-11 20:30:21,400 [ERROR] ConditionMgr:805 - Attr not supported : Dmpu
2024-12-11 20:30:21,400 [ERROR] ConditionMgr:805 - Attr not supported : Dmpu
2024-12-11 20:30:21,400 [ERROR] ConditionMgr:805 - Attr not supported : Dmpu
2024-12-11 20:30:21,400 [ERROR] ConditionMgr:805 - Attr not supported : Dmpu
2024-12-11 20:30:21,400 [ERROR] ConditionMgr:805 - Attr not supported : Dmpu
2024-12-11 20:30:21,400 [ERROR] ConditionMgr:805 - Attr not supported : Dmpu
2024-12-11 20:30:21,400 [ERROR] ConditionMgr:805 - Attr not supported : Dmpu
2024-12-11 20:30:21,400 [ERROR] ConditionMgr:805 - Attr not supported : Dmpu
2024-12-11 20:30:21,400 [ERROR] ConditionMgr:805 - Attr not supported : Dmpu
2024-12-11 20:30:21,400 [ERROR] ConditionMgr:805 - Attr not supported : Dmpu
2024-12-11 20:30:21,400 [ERROR] ConditionMgr:805 - Attr not supported : Dmpu
2024-12-11 20:30:21,400 [ERROR] ConditionMgr:805 - Attr not supported : Dmpu
2024-12-11 20:30:21,400 [ERROR] ConditionMgr:805 - Attr not supported : Dmpu
2024-12-11 20:30:21,400 [ERROR] ConditionMgr:805 - Attr not supported : Dmpu
2024-12-11 20:30:21,400 [ERROR] ConditionMgr:805 - Attr not supported : Dmpu
2024-12-11 20:30:21,400 [ERROR] ConditionMgr:805 - Attr not supported : Dmpu
2024-12-11 20:30:21,400 [ERROR] ConditionMgr:805 - Attr not supported : Dmpu
2024-12-11 20:30:21,400 [ERROR] ConditionMgr:805 - Attr not supported : Dmpu
2024-12-11 20:30:21,400 [ERROR] ConditionMgr:805 - Attr not supported : Dmpu
2024-12-11 20:30:21,400 [ERROR] ConditionMgr:805 - Attr not supported : Dmpu
2024-12-11 20:30:21,406 [WARN] PackLoader:240 - Cannot read IP mode file for STMicroelectronics.X-CUBE-BLEMGR.3.0.0
2024-12-11 20:30:21,412 [WARN] PackLoader:240 - Cannot read IP mode file for STMicroelectronics.X-CUBE-BLEMGR.1.3.0
2024-12-11 20:30:21,416 [WARN] PackLoader:240 - Cannot read IP mode file for RealThread.X-CUBE-RT-Thread_Nano.4.1.1
2024-12-11 20:30:21,420 [WARN] PackLoader:240 - Cannot read IP mode file for STMicroelectronics.FP-ATR-SIGFOX1.3.2.0
2024-12-11 20:30:21,423 [WARN] ConditionMgr:438 - getConditionDescription Invalid condition id : Cortex-A Device cause : null
2024-12-11 20:30:21,441 [WARN] ConditionMgr:1039 - genDependencies : Invalid condition id : Cortex-A Device cause : null
2024-12-11 20:30:21,441 [WARN] ConditionMgr:1039 - genDependencies : Invalid condition id : Cortex-A Device cause : null
2024-12-11 20:30:21,441 [WARN] ConditionMgr:1039 - genDependencies : Invalid condition id : Cortex-A Device cause : null
2024-12-11 20:30:21,445 [WARN] PackLoader:240 - Cannot read IP mode file for STMicroelectronics.X-CUBE-EEPRMA1.5.1.0
2024-12-11 20:30:21,447 [WARN] PackLoader:240 - Cannot read IP mode file for STMicroelectronics.X-CUBE-TOUCHGFX.4.20.0
2024-12-11 20:30:21,469 [WARN] PackLoader:240 - Cannot read IP mode file for SEGGER.I-CUBE-embOS.1.3.1
2024-12-11 20:30:21,499 [WARN] PackLoader:240 - Cannot read IP mode file for STMicroelectronics.X-CUBE-ALGOBUILD.1.4.0
2024-12-11 20:30:21,515 [WARN] PackLoader:240 - Cannot read IP mode file for SEGGER.I-CUBE-embOS.1.3.0
2024-12-11 20:30:21,534 [WARN] PackLoader:240 - Cannot read IP mode file for STMicroelectronics.X-CUBE-AI.9.1.0
2024-12-11 20:30:21,538 [WARN] PackLoader:240 - Cannot read IP mode file for STMicroelectronics.X-CUBE-GNSS1.6.0.0
2024-12-11 20:30:21,547 [WARN] PackLoader:240 - Cannot read IP mode file for STMicroelectronics.X-CUBE-AZRTOS-F4.1.1.0
2024-12-11 20:30:21,551 [WARN] PackLoader:240 - Cannot read IP mode file for STMicroelectronics.X-CUBE-ISPU.2.1.0
2024-12-11 20:30:21,554 [WARN] PackLoader:240 - Cannot read IP mode file for STMicroelectronics.X-CUBE-FREERTOS.1.2.0
2024-12-11 20:30:21,564 [WARN] PackLoader:240 - Cannot read IP mode file for STMicroelectronics.X-CUBE-AZRTOS-L5.2.0.0
2024-12-11 20:30:21,589 [WARN] PackLoader:240 - Cannot read IP mode file for STMicroelectronics.X-CUBE-MEMS1.9.6.0
2024-12-11 20:30:21,672 [WARN] PackLoader:240 - Cannot read IP mode file for STMicroelectronics.X-CUBE-EEPRMA1.4.2.0
2024-12-11 20:30:21,677 [WARN] PackLoader:240 - Cannot read IP mode file for STMicroelectronics.X-CUBE-NFC6.3.1.0
2024-12-11 20:30:21,681 [WARN] PackLoader:240 - Cannot read IP mode file for ITTIA_DB.I-CUBE-ITTIADB.8.8.0
2024-12-11 20:30:21,685 [WARN] PackLoader:240 - Cannot read IP mode file for emotas.I-CUBE-CANOPEN.1.1.3
2024-12-11 20:30:21,689 [WARN] PackLoader:240 - Cannot read IP mode file for STMicroelectronics.X-CUBE-BLEMGR.2.0.0
2024-12-11 20:30:21,693 [WARN] PackLoader:240 - Cannot read IP mode file for STMicroelectronics.X-CUBE-DPower.1.2.0
2024-12-11 20:30:21,696 [WARN] PackLoader:240 - Cannot read IP mode file for STMicroelectronics.X-CUBE-NFC4.2.0.5
2024-12-11 20:30:21,699 [WARN] PackLoader:240 - Cannot read IP mode file for STMicroelectronics.X-CUBE-AI.9.0.0
2024-12-11 20:30:21,713 [WARN] ConditionMgr:438 - getConditionDescription Invalid condition id : UX DEVICE CLASS RTOS Condition cause : null
2024-12-11 20:30:21,714 [WARN] ConditionMgr:438 - getConditionDescription Invalid condition id : UX DEVICE CLASS RTOS Condition cause : null
2024-12-11 20:30:21,716 [WARN] PackLoader:240 - Cannot read IP mode file for STMicroelectronics.X-CUBE-AZRTOS-H7.3.1.0
2024-12-11 20:30:21,718 [WARN] ConditionMgr:1039 - genDependencies : Invalid condition id : UX DEVICE CLASS RTOS Condition cause : null
2024-12-11 20:30:21,718 [WARN] ConditionMgr:1039 - genDependencies : Invalid condition id : UX DEVICE CLASS RTOS Condition cause : null
2024-12-11 20:30:21,719 [WARN] ConditionMgr:1039 - genDependencies : Invalid condition id : UX DEVICE CLASS RTOS Condition cause : null
2024-12-11 20:30:21,719 [WARN] ConditionMgr:1039 - genDependencies : Invalid condition id : UX DEVICE CLASS RTOS Condition cause : null
2024-12-11 20:30:21,719 [WARN] ConditionMgr:1039 - genDependencies : Invalid condition id : UX DEVICE CLASS RTOS Condition cause : null
2024-12-11 20:30:21,725 [WARN] PackLoader:240 - Cannot read IP mode file for wolfSSL.I-CUBE-wolfSSL.5.5.3
2024-12-11 20:30:21,734 [WARN] PackLoader:240 - Cannot read IP mode file for STMicroelectronics.X-CUBE-NFC7.1.0.1
2024-12-11 20:30:21,738 [WARN] PackLoader:240 - Cannot read IP mode file for STMicroelectronics.X-CUBE-NFC7.1.0.0
2024-12-11 20:30:21,745 [WARN] PackLoader:240 - Cannot read IP mode file for STMicroelectronics.X-CUBE-NFC6.3.0.0
2024-12-11 20:30:21,751 [WARN] PackLoader:240 - Cannot read IP mode file for STMicroelectronics.X-CUBE-EEPRMA1.4.1.0
2024-12-11 20:30:21,754 [WARN] PackLoader:240 - Cannot read IP mode file for STMicroelectronics.X-CUBE-AI.8.1.0
2024-12-11 20:30:21,764 [WARN] ConditionMgr:438 - getConditionDescription Invalid condition id : LAN8742 Phy interface Condition cause : null
2024-12-11 20:30:21,765 [WARN] PackLoader:240 - Cannot read IP mode file for STMicroelectronics.X-CUBE-AZRTOS-L4.2.0.0
2024-12-11 20:30:21,766 [WARN] ConditionMgr:1039 - genDependencies : Invalid condition id : LAN8742 Phy interface Condition cause : null
2024-12-11 20:30:21,766 [WARN] ConditionMgr:1039 - genDependencies : Invalid condition id : LAN8742 Phy interface Condition cause : null
2024-12-11 20:30:21,766 [WARN] ConditionMgr:1039 - genDependencies : Invalid condition id : LAN8742 Phy interface Condition cause : null
2024-12-11 20:30:21,771 [WARN] PackLoader:240 - Cannot read IP mode file for STMicroelectronics.X-CUBE-SFXS2LP1.4.0.0
2024-12-11 20:30:21,780 [WARN] PackLoader:240 - Cannot read IP mode file for STMicroelectronics.X-CUBE-AZRTOS-H7.3.0.0
2024-12-11 20:30:21,786 [WARN] PackLoader:240 - Cannot read IP mode file for STMicroelectronics.X-CUBE-ISPU.1.1.0
2024-12-11 20:30:21,796 [WARN] PackLoader:240 - Cannot read IP mode file for STMicroelectronics.X-CUBE-AZRTOS-H7.3.3.0
2024-12-11 20:30:21,802 [WARN] PackLoader:240 - Cannot read IP mode file for RoweBots.I-CUBE-UNISONRTOS.5.5.0-4
2024-12-11 20:30:21,807 [WARN] PackLoader:240 - Cannot read IP mode file for STMicroelectronics.X-CUBE-IPS.3.0.0
2024-12-11 20:30:21,815 [WARN] ConditionMgr:438 - getConditionDescription Invalid condition id : UX DEVICE CLASS RTOS Condition cause : null
2024-12-11 20:30:21,815 [WARN] ConditionMgr:438 - getConditionDescription Invalid condition id : UX DEVICE CLASS RTOS Condition cause : null
2024-12-11 20:30:21,816 [WARN] PackLoader:240 - Cannot read IP mode file for STMicroelectronics.X-CUBE-AZRTOS-WB.2.0.0
2024-12-11 20:30:21,816 [WARN] ConditionMgr:1039 - genDependencies : Invalid condition id : UX DEVICE CLASS RTOS Condition cause : null
2024-12-11 20:30:21,817 [WARN] ConditionMgr:1039 - genDependencies : Invalid condition id : UX DEVICE CLASS RTOS Condition cause : null
2024-12-11 20:30:21,817 [WARN] ConditionMgr:1039 - genDependencies : Invalid condition id : UX DEVICE CLASS RTOS Condition cause : null
2024-12-11 20:30:21,817 [WARN] ConditionMgr:1039 - genDependencies : Invalid condition id : UX DEVICE CLASS RTOS Condition cause : null
2024-12-11 20:30:21,817 [WARN] ConditionMgr:1039 - genDependencies : Invalid condition id : UX DEVICE CLASS RTOS Condition cause : null
2024-12-11 20:30:21,821 [WARN] PackLoader:240 - Cannot read IP mode file for STMicroelectronics.X-CUBE-FREERTOS.1.0.1
2024-12-11 20:30:21,823 [WARN] PackLoader:240 - Cannot read IP mode file for STMicroelectronics.X-CUBE-GNSS1.7.0.0
2024-12-11 20:30:21,829 [WARN] PackLoader:240 - Cannot read IP mode file for STMicroelectronics.FP-SNS-STBOX1.2.0.0
2024-12-11 20:30:21,836 [WARN] PackLoader:240 - Cannot read IP mode file for STMicroelectronics.X-CUBE-AZRTOS-L5.1.1.0
2024-12-11 20:30:21,839 [WARN] PackLoader:240 - Cannot read IP mode file for STMicroelectronics.X-CUBE-AI.8.0.1
2024-12-11 20:30:21,845 [WARN] PackLoader:240 - Cannot read IP mode file for STMicroelectronics.X-CUBE-SUBG2.5.0.0
2024-12-11 20:30:21,850 [WARN] PackLoader:240 - Cannot read IP mode file for Cesanta.I-CUBE-Mongoose.7.13.0
2024-12-11 20:30:21,857 [WARN] PackLoader:240 - Cannot read IP mode file for STMicroelectronics.X-CUBE-TOF1.3.3.1
2024-12-11 20:30:21,870 [WARN] PackLoader:240 - Cannot read IP mode file for STMicroelectronics.X-CUBE-AZRTOS-G4.2.0.0
2024-12-11 20:30:21,875 [WARN] PackLoader:240 - Cannot read IP mode file for STMicroelectronics.X-CUBE-TOF1.3.3.0
2024-12-11 20:30:21,882 [WARN] PackLoader:240 - Cannot read IP mode file for STMicroelectronics.FP-ATR-ASTRA1.1.1.1
2024-12-11 20:30:21,893 [WARN] PackLoader:240 - Cannot read IP mode file for Infineon.AIROC-Wi-Fi-Bluetooth-STM32.1.5.1
2024-12-11 20:30:21,897 [WARN] PackLoader:240 - Cannot read IP mode file for STMicroelectronics.FP-SNS-MOTENVWB1.1.3.1
2024-12-11 20:30:21,903 [WARN] PackLoader:240 - Cannot read IP mode file for STMicroelectronics.X-CUBE-AZRTOS-G4.1.0.0
2024-12-11 20:30:21,912 [WARN] PackLoader:240 - Cannot read IP mode file for STMicroelectronics.X-CUBE-AZRTOS-L4.1.0.0
2024-12-11 20:30:21,916 [WARN] PackLoader:240 - Cannot read IP mode file for STMicroelectronics.X-CUBE-ISPU.2.0.0
2024-12-11 20:30:21,919 [WARN] PackLoader:240 - Cannot read IP mode file for STMicroelectronics.X-CUBE-ALS.1.0.2
2024-12-11 20:30:21,935 [WARN] PackLoader:240 - Cannot read IP mode file for STMicroelectronics.X-CUBE-MEMS1.10.0.0
2024-12-11 20:30:22,002 [WARN] PackLoader:240 - Cannot read IP mode file for STMicroelectronics.X-CUBE-FREERTOS.1.1.0
2024-12-11 20:30:22,005 [WARN] PackLoader:240 - Cannot read IP mode file for STMicroelectronics.X-CUBE-TOUCHGFX.4.24.0
2024-12-11 20:30:22,018 [WARN] PackLoader:240 - Cannot read IP mode file for STMicroelectronics.X-CUBE-AZRTOS-WL.1.0.0
2024-12-11 20:30:22,022 [WARN] PackLoader:240 - Cannot read IP mode file for STMicroelectronics.X-CUBE-TOUCHGFX.4.24.1
2024-12-11 20:30:22,025 [WARN] PackLoader:240 - Cannot read IP mode file for wolfSSL.I-CUBE-wolfTPM.3.4.0
2024-12-11 20:30:22,031 [WARN] PackLoader:240 - Cannot read IP mode file for portGmbH.I-Cube-SoM-uGOAL.1.1.0
2024-12-11 20:30:22,034 [WARN] PackLoader:240 - Cannot read IP mode file for STMicroelectronics.X-CUBE-ALS.1.0.1
2024-12-11 20:30:22,040 [WARN] PackLoader:240 - Cannot read IP mode file for STMicroelectronics.X-CUBE-AZRTOS-WB.1.1.0
2024-12-11 20:30:22,043 [WARN] PackLoader:240 - Cannot read IP mode file for STMicroelectronics.X-CUBE-EEPRMA1.3.1.1
2024-12-11 20:30:22,051 [WARN] PackLoader:240 - Cannot read IP mode file for STMicroelectronics.X-CUBE-AZRTOS-H7RS.1.0.0
2024-12-11 20:30:22,054 [WARN] PackLoader:240 - Cannot read IP mode file for STMicroelectronics.FP-ATR-ASTRA1.2.0.0
2024-12-11 20:30:22,059 [WARN] PackLoader:240 - Cannot read IP mode file for STMicroelectronics.X-CUBE-TOF1.3.4.2
2024-12-11 20:30:22,068 [WARN] PackLoader:240 - Cannot read IP mode file for STMicroelectronics.X-CUBE-TOF1.3.4.0
2024-12-11 20:30:22,080 [WARN] PackLoader:240 - Cannot read IP mode file for STMicroelectronics.X-CUBE-AZRTOS-H7.3.2.0
2024-12-11 20:30:22,084 [WARN] PackLoader:240 - Cannot read IP mode file for wolfSSL.I-CUBE-wolfSSH.1.4.17
2024-12-11 20:30:22,085 [INFO] ThirdParty:978 - Integrity check success = true
2024-12-11 20:30:22,085 [INFO] IntegrityCheckThread:100 - exiting critical section [integrity check]
2024-12-11 20:30:22,085 [INFO] IntegrityCheckThread:103 - End integrity checks thread
2024-12-11 20:30:39,779 [ERROR] LogOutputStream:75 - [STDERR_REDIRECT] 
